---------------------------------------------------------------
[ 2019-12-18T17:36:02+08:00 ] 127.0.0.1 GET tp.test/admin/
[运行时间：0.097005s] [吞吐率：10.31req/s] [内存消耗：1,406.97kb] [文件加载：37]
[ info ] [ LANG ] E:\phpstudy_pro\WWW\tpframe\thinkphp\lang\zh-cn.php
[ info ] [ ROUTE ] array (
  'type' => 'module',
  'module' => 
  array (
    0 => '',
    1 => NULL,
    2 => NULL,
  ),
)
[ info ] [ HEADER ] array (
  'cookie' => 'pgv_pvi=624094208; pgv_si=s6959144960; PHPSESSID=c2jes9k77f1ucsce63cc3naat2',
  'accept-language' => 'zh-CN,zh;q=0.9,ja;q=0.8,en;q=0.7',
  'accept-encoding' => 'gzip, deflate',
  'purpose' => 'prefetch',
  'accept' => 'text/html,application/xhtml+xml,application/xml;q=0.9,image/webp,image/apng,*/*;q=0.8,application/signed-exchange;v=b3',
  'user-agent' => 'Mozilla/5.0 (Windows NT 6.1; Win64; x64) AppleWebKit/537.36 (KHTML, like Gecko) Chrome/74.0.3729.169 Safari/537.36',
  'upgrade-insecure-requests' => '1',
  'connection' => 'close',
  'host' => 'tp.test',
)
[ info ] [ PARAM ] array (
)
[ info ] [ RUN ] admin\index\controller\Index->index[ E:\phpstudy_pro\WWW\tpframe\admin\index\controller\Index.php ]
[ info ] [ LOG ] INIT File
---------------------------------------------------------------
[ 2019-12-18T17:36:31+08:00 ] 127.0.0.1 GET tp.test/admin/
[运行时间：0.034002s] [吞吐率：29.41req/s] [内存消耗：1,406.97kb] [文件加载：37]
[ info ] [ LANG ] E:\phpstudy_pro\WWW\tpframe\thinkphp\lang\zh-cn.php
[ info ] [ ROUTE ] array (
  'type' => 'module',
  'module' => 
  array (
    0 => '',
    1 => NULL,
    2 => NULL,
  ),
)
[ info ] [ HEADER ] array (
  'cookie' => 'pgv_pvi=624094208; pgv_si=s6959144960; PHPSESSID=c2jes9k77f1ucsce63cc3naat2',
  'accept-language' => 'zh-CN,zh;q=0.9,ja;q=0.8,en;q=0.7',
  'accept-encoding' => 'gzip, deflate',
  'purpose' => 'prefetch',
  'accept' => 'text/html,application/xhtml+xml,application/xml;q=0.9,image/webp,image/apng,*/*;q=0.8,application/signed-exchange;v=b3',
  'user-agent' => 'Mozilla/5.0 (Windows NT 6.1; Win64; x64) AppleWebKit/537.36 (KHTML, like Gecko) Chrome/74.0.3729.169 Safari/537.36',
  'upgrade-insecure-requests' => '1',
  'connection' => 'close',
  'host' => 'tp.test',
)
[ info ] [ PARAM ] array (
)
[ info ] [ RUN ] admin\index\controller\Index->index[ E:\phpstudy_pro\WWW\tpframe\admin\index\controller\Index.php ]
[ info ] [ LOG ] INIT File
---------------------------------------------------------------
[ 2019-12-18T17:36:38+08:00 ] 127.0.0.1 GET tp.test/admin/
[运行时间：0.050003s] [吞吐率：20.00req/s] [内存消耗：1,406.98kb] [文件加载：37]
[ info ] [ LANG ] E:\phpstudy_pro\WWW\tpframe\thinkphp\lang\zh-cn.php
[ info ] [ ROUTE ] array (
  'type' => 'module',
  'module' => 
  array (
    0 => '',
    1 => NULL,
    2 => NULL,
  ),
)
[ info ] [ HEADER ] array (
  'cookie' => 'pgv_pvi=624094208; pgv_si=s6959144960; PHPSESSID=c2jes9k77f1ucsce63cc3naat2',
  'accept-language' => 'zh-CN,zh;q=0.9,ja;q=0.8,en;q=0.7',
  'accept-encoding' => 'gzip, deflate',
  'accept' => 'text/html,application/xhtml+xml,application/xml;q=0.9,image/webp,image/apng,*/*;q=0.8,application/signed-exchange;v=b3',
  'user-agent' => 'Mozilla/5.0 (Windows NT 6.1; Win64; x64) AppleWebKit/537.36 (KHTML, like Gecko) Chrome/74.0.3729.169 Safari/537.36',
  'upgrade-insecure-requests' => '1',
  'cache-control' => 'max-age=0',
  'connection' => 'close',
  'host' => 'tp.test',
)
[ info ] [ PARAM ] array (
)
[ info ] [ RUN ] admin\index\controller\Index->index[ E:\phpstudy_pro\WWW\tpframe\admin\index\controller\Index.php ]
[ info ] [ LOG ] INIT File
---------------------------------------------------------------
[ 2019-12-18T17:36:39+08:00 ] 127.0.0.1 GET tp.test/admin/
[运行时间：0.067004s] [吞吐率：14.92req/s] [内存消耗：1,406.98kb] [文件加载：37]
[ info ] [ LANG ] E:\phpstudy_pro\WWW\tpframe\thinkphp\lang\zh-cn.php
[ info ] [ ROUTE ] array (
  'type' => 'module',
  'module' => 
  array (
    0 => '',
    1 => NULL,
    2 => NULL,
  ),
)
[ info ] [ HEADER ] array (
  'cookie' => 'pgv_pvi=624094208; pgv_si=s6959144960; PHPSESSID=c2jes9k77f1ucsce63cc3naat2',
  'accept-language' => 'zh-CN,zh;q=0.9,ja;q=0.8,en;q=0.7',
  'accept-encoding' => 'gzip, deflate',
  'accept' => 'text/html,application/xhtml+xml,application/xml;q=0.9,image/webp,image/apng,*/*;q=0.8,application/signed-exchange;v=b3',
  'user-agent' => 'Mozilla/5.0 (Windows NT 6.1; Win64; x64) AppleWebKit/537.36 (KHTML, like Gecko) Chrome/74.0.3729.169 Safari/537.36',
  'upgrade-insecure-requests' => '1',
  'cache-control' => 'max-age=0',
  'connection' => 'close',
  'host' => 'tp.test',
)
[ info ] [ PARAM ] array (
)
[ info ] [ RUN ] admin\index\controller\Index->index[ E:\phpstudy_pro\WWW\tpframe\admin\index\controller\Index.php ]
[ info ] [ LOG ] INIT File
---------------------------------------------------------------
[ 2019-12-18T17:37:03+08:00 ] 127.0.0.1 GET tp.test/admin/index.php/index/index/index
[运行时间：0.031002s] [吞吐率：32.26req/s] [内存消耗：1,406.66kb] [文件加载：37]
[ info ] [ LANG ] E:\phpstudy_pro\WWW\tpframe\thinkphp\lang\zh-cn.php
[ info ] [ ROUTE ] array (
  'type' => 'module',
  'module' => 
  array (
    0 => 'index',
    1 => 'index',
    2 => 'index',
  ),
)
[ info ] [ HEADER ] array (
  'cookie' => 'pgv_pvi=624094208; pgv_si=s6959144960; PHPSESSID=c2jes9k77f1ucsce63cc3naat2',
  'accept-language' => 'zh-CN,zh;q=0.9,ja;q=0.8,en;q=0.7',
  'accept-encoding' => 'gzip, deflate',
  'accept' => 'text/html,application/xhtml+xml,application/xml;q=0.9,image/webp,image/apng,*/*;q=0.8,application/signed-exchange;v=b3',
  'user-agent' => 'Mozilla/5.0 (Windows NT 6.1; Win64; x64) AppleWebKit/537.36 (KHTML, like Gecko) Chrome/74.0.3729.169 Safari/537.36',
  'upgrade-insecure-requests' => '1',
  'connection' => 'close',
  'host' => 'tp.test',
)
[ info ] [ PARAM ] array (
)
[ info ] [ RUN ] admin\index\controller\Index->index[ E:\phpstudy_pro\WWW\tpframe\admin\index\controller\Index.php ]
[ info ] [ LOG ] INIT File
---------------------------------------------------------------
[ 2019-12-18T17:37:26+08:00 ] 127.0.0.1 GET tp.test/admin/index.php/index/index/index
[运行时间：0.031002s] [吞吐率：32.26req/s] [内存消耗：1,407.30kb] [文件加载：37]
[ info ] [ LANG ] E:\phpstudy_pro\WWW\tpframe\thinkphp\lang\zh-cn.php
[ info ] [ ROUTE ] array (
  'type' => 'module',
  'module' => 
  array (
    0 => 'index',
    1 => 'index',
    2 => 'index',
  ),
)
[ info ] [ HEADER ] array (
  'cookie' => 'pgv_pvi=624094208; pgv_si=s6959144960; PHPSESSID=c2jes9k77f1ucsce63cc3naat2',
  'accept-language' => 'zh-CN,zh;q=0.9,ja;q=0.8,en;q=0.7',
  'accept-encoding' => 'gzip, deflate',
  'accept' => 'text/html,application/xhtml+xml,application/xml;q=0.9,image/webp,image/apng,*/*;q=0.8,application/signed-exchange;v=b3',
  'user-agent' => 'Mozilla/5.0 (Windows NT 6.1; Win64; x64) AppleWebKit/537.36 (KHTML, like Gecko) Chrome/74.0.3729.169 Safari/537.36',
  'upgrade-insecure-requests' => '1',
  'cache-control' => 'max-age=0',
  'connection' => 'close',
  'host' => 'tp.test',
)
[ info ] [ PARAM ] array (
)
[ info ] [ RUN ] admin\index\controller\Index->index[ E:\phpstudy_pro\WWW\tpframe\admin\index\controller\Index.php ]
[ info ] [ LOG ] INIT File
---------------------------------------------------------------
[ 2019-12-18T17:37:29+08:00 ] 127.0.0.1 GET tp.test/admin/index/index/index
[运行时间：0.030001s] [吞吐率：33.33req/s] [内存消耗：1,409.20kb] [文件加载：37]
[ info ] [ LANG ] E:\phpstudy_pro\WWW\tpframe\thinkphp\lang\zh-cn.php
[ info ] [ ROUTE ] array (
  'type' => 'module',
  'module' => 
  array (
    0 => 'index',
    1 => 'index',
    2 => 'index',
  ),
)
[ info ] [ HEADER ] array (
  'cookie' => 'pgv_pvi=624094208; pgv_si=s6959144960; PHPSESSID=c2jes9k77f1ucsce63cc3naat2',
  'accept-language' => 'zh-CN,zh;q=0.9,ja;q=0.8,en;q=0.7',
  'accept-encoding' => 'gzip, deflate',
  'accept' => 'text/html,application/xhtml+xml,application/xml;q=0.9,image/webp,image/apng,*/*;q=0.8,application/signed-exchange;v=b3',
  'user-agent' => 'Mozilla/5.0 (Windows NT 6.1; Win64; x64) AppleWebKit/537.36 (KHTML, like Gecko) Chrome/74.0.3729.169 Safari/537.36',
  'upgrade-insecure-requests' => '1',
  'connection' => 'close',
  'host' => 'tp.test',
)
[ info ] [ PARAM ] array (
)
[ info ] [ RUN ] admin\index\controller\Index->index[ E:\phpstudy_pro\WWW\tpframe\admin\index\controller\Index.php ]
[ info ] [ LOG ] INIT File
---------------------------------------------------------------
[ 2019-12-18T17:38:14+08:00 ] 127.0.0.1 GET tp.test/admin.php
[运行时间：0.044002s] [吞吐率：22.73req/s] [内存消耗：1,190.82kb] [文件加载：29]
[ error ] [8]Use of undefined constant CSF_PATH - assumed 'CSF_PATH'[E:\phpstudy_pro\WWW\tpframe\admin\config.php:28]
[ info ] [ LOG ] INIT File
---------------------------------------------------------------
[ 2019-12-18T17:38:41+08:00 ] 127.0.0.1 GET tp.test/admin/
[运行时间：0.029002s] [吞吐率：34.48req/s] [内存消耗：1,190.70kb] [文件加载：29]
[ error ] [8]Use of undefined constant CSF_PATH - assumed 'CSF_PATH'[E:\phpstudy_pro\WWW\tpframe\admin\config.php:28]
[ info ] [ LOG ] INIT File
---------------------------------------------------------------
[ 2019-12-18T17:38:45+08:00 ] 127.0.0.1 GET tp.test/admin/
[运行时间：0.026001s] [吞吐率：38.46req/s] [内存消耗：1,190.70kb] [文件加载：29]
[ error ] [8]Use of undefined constant CSF_PATH - assumed 'CSF_PATH'[E:\phpstudy_pro\WWW\tpframe\admin\config.php:28]
[ info ] [ LOG ] INIT File
---------------------------------------------------------------
[ 2019-12-18T17:38:56+08:00 ] 127.0.0.1 GET tp.test/admin/index.php
[运行时间：0.031002s] [吞吐率：32.26req/s] [内存消耗：1,190.70kb] [文件加载：29]
[ error ] [8]Use of undefined constant CSF_PATH - assumed 'CSF_PATH'[E:\phpstudy_pro\WWW\tpframe\admin\config.php:28]
[ info ] [ LOG ] INIT File
---------------------------------------------------------------
[ 2019-12-18T17:39:24+08:00 ] 127.0.0.1 GET tp.test/admin/
[运行时间：0.029002s] [吞吐率：34.48req/s] [内存消耗：1,190.70kb] [文件加载：29]
[ error ] [8]Use of undefined constant CSF_PATH - assumed 'CSF_PATH'[E:\phpstudy_pro\WWW\tpframe\admin\config.php:28]
[ info ] [ LOG ] INIT File
---------------------------------------------------------------
[ 2019-12-18T17:40:09+08:00 ] 127.0.0.1 GET tp.test/admin/
[运行时间：0.029001s] [吞吐率：34.48req/s] [内存消耗：1,190.98kb] [文件加载：29]
[ error ] [8]Use of undefined constant CSF_PATH - assumed 'CSF_PATH'[E:\phpstudy_pro\WWW\tpframe\admin\config.php:30]
[ info ] [ LOG ] INIT File
---------------------------------------------------------------
[ 2019-12-18T17:40:18+08:00 ] 127.0.0.1 GET tp.test/admin/
[运行时间：0.022001s] [吞吐率：45.45req/s] [内存消耗：1,190.98kb] [文件加载：29]
[ error ] [8]Use of undefined constant CSF_PATH - assumed 'CSF_PATH'[E:\phpstudy_pro\WWW\tpframe\admin\config.php:30]
[ info ] [ LOG ] INIT File
---------------------------------------------------------------
[ 2019-12-18T17:40:50+08:00 ] 127.0.0.1 GET tp.test/admin/
[运行时间：0.040002s] [吞吐率：25.00req/s] [内存消耗：1,405.05kb] [文件加载：37]
[ info ] [ LANG ] E:\phpstudy_pro\WWW\tpframe\thinkphp\lang\zh-cn.php
[ info ] [ ROUTE ] array (
  'type' => 'module',
  'module' => 
  array (
    0 => '',
    1 => NULL,
    2 => NULL,
  ),
)
[ info ] [ HEADER ] array (
  'cookie' => 'pgv_pvi=624094208; pgv_si=s6959144960; PHPSESSID=c2jes9k77f1ucsce63cc3naat2',
  'accept-language' => 'zh-CN,zh;q=0.9,ja;q=0.8,en;q=0.7',
  'accept-encoding' => 'gzip, deflate',
  'accept' => 'text/html,application/xhtml+xml,application/xml;q=0.9,image/webp,image/apng,*/*;q=0.8,application/signed-exchange;v=b3',
  'user-agent' => 'Mozilla/5.0 (Windows NT 6.1; Win64; x64) AppleWebKit/537.36 (KHTML, like Gecko) Chrome/74.0.3729.169 Safari/537.36',
  'upgrade-insecure-requests' => '1',
  'cache-control' => 'max-age=0',
  'connection' => 'close',
  'host' => 'tp.test',
)
[ info ] [ PARAM ] array (
)
[ info ] [ RUN ] admin\index\controller\Index->index[ E:\phpstudy_pro\WWW\tpframe\admin\index\controller\Index.php ]
[ info ] [ LOG ] INIT File
---------------------------------------------------------------
[ 2019-12-18T17:41:38+08:00 ] 127.0.0.1 GET tp.test/admin/user/login.login
[运行时间：0.041003s] [吞吐率：24.39req/s] [内存消耗：1,574.73kb] [文件加载：42]
[ info ] [ LANG ] E:\phpstudy_pro\WWW\tpframe\thinkphp\lang\zh-cn.php
[ info ] [ ROUTE ] array (
  'type' => 'module',
  'module' => 
  array (
    0 => 'user',
    1 => 'login',
    2 => NULL,
  ),
)
[ info ] [ HEADER ] array (
  'cookie' => 'pgv_pvi=624094208; pgv_si=s6959144960; PHPSESSID=c2jes9k77f1ucsce63cc3naat2',
  'accept-language' => 'zh-CN,zh;q=0.9,ja;q=0.8,en;q=0.7',
  'accept-encoding' => 'gzip, deflate',
  'accept' => 'text/html,application/xhtml+xml,application/xml;q=0.9,image/webp,image/apng,*/*;q=0.8,application/signed-exchange;v=b3',
  'user-agent' => 'Mozilla/5.0 (Windows NT 6.1; Win64; x64) AppleWebKit/537.36 (KHTML, like Gecko) Chrome/74.0.3729.169 Safari/537.36',
  'upgrade-insecure-requests' => '1',
  'connection' => 'close',
  'host' => 'tp.test',
)
[ info ] [ PARAM ] array (
)
[ info ] [ LOG ] INIT File
---------------------------------------------------------------
[ 2019-12-18T17:41:42+08:00 ] 127.0.0.1 GET tp.test/admin/user/login/login
[运行时间：0.031002s] [吞吐率：32.26req/s] [内存消耗：1,406.05kb] [文件加载：37]
[ info ] [ LANG ] E:\phpstudy_pro\WWW\tpframe\thinkphp\lang\zh-cn.php
[ info ] [ ROUTE ] array (
  'type' => 'module',
  'module' => 
  array (
    0 => 'user',
    1 => 'login',
    2 => 'login',
  ),
)
[ info ] [ HEADER ] array (
  'cookie' => 'pgv_pvi=624094208; pgv_si=s6959144960; PHPSESSID=c2jes9k77f1ucsce63cc3naat2',
  'accept-language' => 'zh-CN,zh;q=0.9,ja;q=0.8,en;q=0.7',
  'accept-encoding' => 'gzip, deflate',
  'accept' => 'text/html,application/xhtml+xml,application/xml;q=0.9,image/webp,image/apng,*/*;q=0.8,application/signed-exchange;v=b3',
  'user-agent' => 'Mozilla/5.0 (Windows NT 6.1; Win64; x64) AppleWebKit/537.36 (KHTML, like Gecko) Chrome/74.0.3729.169 Safari/537.36',
  'upgrade-insecure-requests' => '1',
  'connection' => 'close',
  'host' => 'tp.test',
)
[ info ] [ PARAM ] array (
)
[ info ] [ RUN ] admin\user\controller\Login->login[ E:\phpstudy_pro\WWW\tpframe\admin\user\controller\Login.php ]
[ info ] [ LOG ] INIT File
---------------------------------------------------------------
[ 2019-12-18T17:42:04+08:00 ] 127.0.0.1 GET tp.test/admin/user/login/login
[运行时间：0.038003s] [吞吐率：26.31req/s] [内存消耗：1,406.70kb] [文件加载：37]
[ info ] [ LANG ] E:\phpstudy_pro\WWW\tpframe\thinkphp\lang\zh-cn.php
[ info ] [ ROUTE ] array (
  'type' => 'module',
  'module' => 
  array (
    0 => 'user',
    1 => 'login',
    2 => 'login',
  ),
)
[ info ] [ HEADER ] array (
  'cookie' => 'pgv_pvi=624094208; pgv_si=s6959144960; PHPSESSID=c2jes9k77f1ucsce63cc3naat2',
  'accept-language' => 'zh-CN,zh;q=0.9,ja;q=0.8,en;q=0.7',
  'accept-encoding' => 'gzip, deflate',
  'accept' => 'text/html,application/xhtml+xml,application/xml;q=0.9,image/webp,image/apng,*/*;q=0.8,application/signed-exchange;v=b3',
  'user-agent' => 'Mozilla/5.0 (Windows NT 6.1; Win64; x64) AppleWebKit/537.36 (KHTML, like Gecko) Chrome/74.0.3729.169 Safari/537.36',
  'upgrade-insecure-requests' => '1',
  'cache-control' => 'max-age=0',
  'connection' => 'close',
  'host' => 'tp.test',
)
[ info ] [ PARAM ] array (
)
[ info ] [ RUN ] admin\user\controller\Login->login[ E:\phpstudy_pro\WWW\tpframe\admin\user\controller\Login.php ]
[ info ] [ LOG ] INIT File
---------------------------------------------------------------
[ 2019-12-18T17:42:11+08:00 ] 127.0.0.1 GET tp.test/admin/user/login/login
[运行时间：0.045002s] [吞吐率：22.22req/s] [内存消耗：1,576.66kb] [文件加载：42]
[ info ] [ LANG ] E:\phpstudy_pro\WWW\tpframe\thinkphp\lang\zh-cn.php
[ info ] [ ROUTE ] array (
  'type' => 'module',
  'module' => 
  array (
    0 => 'user',
    1 => 'login',
    2 => 'login',
  ),
)
[ info ] [ HEADER ] array (
  'cookie' => 'pgv_pvi=624094208; pgv_si=s6959144960; PHPSESSID=c2jes9k77f1ucsce63cc3naat2',
  'accept-language' => 'zh-CN,zh;q=0.9,ja;q=0.8,en;q=0.7',
  'accept-encoding' => 'gzip, deflate',
  'accept' => 'text/html,application/xhtml+xml,application/xml;q=0.9,image/webp,image/apng,*/*;q=0.8,application/signed-exchange;v=b3',
  'user-agent' => 'Mozilla/5.0 (Windows NT 6.1; Win64; x64) AppleWebKit/537.36 (KHTML, like Gecko) Chrome/74.0.3729.169 Safari/537.36',
  'upgrade-insecure-requests' => '1',
  'cache-control' => 'max-age=0',
  'connection' => 'close',
  'host' => 'tp.test',
)
[ info ] [ PARAM ] array (
)
[ info ] [ RUN ] admin\user\controller\Login->login[ E:\phpstudy_pro\WWW\tpframe\admin\user\controller\Login.php ]
[ info ] [ LOG ] INIT File
[ error ] [0]模板文件不存在:E:\phpstudy_pro\WWW\tpframe\admin/user\view\\login.html[E:\phpstudy_pro\WWW\tpframe\thinkphp\library\think\view\driver\Think.php:82]
---------------------------------------------------------------
[ 2019-12-18T17:42:53+08:00 ] 127.0.0.1 GET tp.test/admin/user/login/login
[运行时间：0.054003s] [吞吐率：18.52req/s] [内存消耗：1,533.93kb] [文件加载：40]
[ info ] [ LANG ] E:\phpstudy_pro\WWW\tpframe\thinkphp\lang\zh-cn.php
[ info ] [ ROUTE ] array (
  'type' => 'module',
  'module' => 
  array (
    0 => 'user',
    1 => 'login',
    2 => 'login',
  ),
)
[ info ] [ HEADER ] array (
  'cookie' => 'pgv_pvi=624094208; pgv_si=s6959144960; PHPSESSID=c2jes9k77f1ucsce63cc3naat2',
  'accept-language' => 'zh-CN,zh;q=0.9,ja;q=0.8,en;q=0.7',
  'accept-encoding' => 'gzip, deflate',
  'accept' => 'text/html,application/xhtml+xml,application/xml;q=0.9,image/webp,image/apng,*/*;q=0.8,application/signed-exchange;v=b3',
  'user-agent' => 'Mozilla/5.0 (Windows NT 6.1; Win64; x64) AppleWebKit/537.36 (KHTML, like Gecko) Chrome/74.0.3729.169 Safari/537.36',
  'upgrade-insecure-requests' => '1',
  'cache-control' => 'max-age=0',
  'connection' => 'close',
  'host' => 'tp.test',
)
[ info ] [ PARAM ] array (
)
[ info ] [ RUN ] admin\user\controller\Login->login[ E:\phpstudy_pro\WWW\tpframe\admin\user\controller\Login.php ]
[ info ] [ VIEW ] E:\phpstudy_pro\WWW\tpframe\admin/user\view\\login.html [ array (
) ]
[ info ] [ LOG ] INIT File
---------------------------------------------------------------
[ 2019-12-18T17:44:03+08:00 ] 127.0.0.1 GET tp.test/admin/user/login/login
[运行时间：0.058004s] [吞吐率：17.24req/s] [内存消耗：1,677.10kb] [文件加载：42]
[ info ] [ LANG ] E:\phpstudy_pro\WWW\tpframe\thinkphp\lang\zh-cn.php
[ info ] [ ROUTE ] array (
  'type' => 'module',
  'module' => 
  array (
    0 => 'user',
    1 => 'login',
    2 => 'login',
  ),
)
[ info ] [ HEADER ] array (
  'cookie' => 'pgv_pvi=624094208; pgv_si=s6959144960; PHPSESSID=c2jes9k77f1ucsce63cc3naat2',
  'accept-language' => 'zh-CN,zh;q=0.9,ja;q=0.8,en;q=0.7',
  'accept-encoding' => 'gzip, deflate',
  'accept' => 'text/html,application/xhtml+xml,application/xml;q=0.9,image/webp,image/apng,*/*;q=0.8,application/signed-exchange;v=b3',
  'user-agent' => 'Mozilla/5.0 (Windows NT 6.1; Win64; x64) AppleWebKit/537.36 (KHTML, like Gecko) Chrome/74.0.3729.169 Safari/537.36',
  'upgrade-insecure-requests' => '1',
  'cache-control' => 'max-age=0',
  'connection' => 'close',
  'host' => 'tp.test',
)
[ info ] [ PARAM ] array (
)
[ info ] [ RUN ] admin\user\controller\Login->login[ E:\phpstudy_pro\WWW\tpframe\admin\user\controller\Login.php ]
[ info ] [ VIEW ] E:\phpstudy_pro\WWW\tpframe\admin/user\view\\login.html [ array (
) ]
[ info ] [ LOG ] INIT File
---------------------------------------------------------------
[ 2019-12-18T17:44:03+08:00 ] 127.0.0.1 GET tp.test/admin/vendors/simple-line-icons/css/simple-line-icons.css
[运行时间：0.031002s] [吞吐率：32.26req/s] [内存消耗：1,274.92kb] [文件加载：34]
[ info ] [ LANG ] E:\phpstudy_pro\WWW\tpframe\thinkphp\lang\zh-cn.php
[ info ] [ ROUTE ] array (
  'type' => 'module',
  'module' => 
  array (
    0 => 'vendors',
    1 => 'simple-line-icons',
    2 => 'css',
  ),
)
[ info ] [ HEADER ] array (
  'cookie' => 'pgv_pvi=624094208; pgv_si=s6959144960; PHPSESSID=c2jes9k77f1ucsce63cc3naat2',
  'accept-language' => 'zh-CN,zh;q=0.9,ja;q=0.8,en;q=0.7',
  'accept-encoding' => 'gzip, deflate',
  'referer' => 'http://tp.test/admin/user/login/login',
  'accept' => 'text/css,*/*;q=0.1',
  'user-agent' => 'Mozilla/5.0 (Windows NT 6.1; Win64; x64) AppleWebKit/537.36 (KHTML, like Gecko) Chrome/74.0.3729.169 Safari/537.36',
  'connection' => 'close',
  'host' => 'tp.test',
)
[ info ] [ PARAM ] array (
)
[ info ] [ LOG ] INIT File
---------------------------------------------------------------
[ 2019-12-18T17:44:03+08:00 ] 127.0.0.1 GET tp.test/admin/vendors/flag-icon-css/css/flag-icon.min.css
[运行时间：0.038002s] [吞吐率：26.31req/s] [内存消耗：1,274.87kb] [文件加载：34]
[ info ] [ LANG ] E:\phpstudy_pro\WWW\tpframe\thinkphp\lang\zh-cn.php
[ info ] [ ROUTE ] array (
  'type' => 'module',
  'module' => 
  array (
    0 => 'vendors',
    1 => 'flag-icon-css',
    2 => 'css',
  ),
)
[ info ] [ HEADER ] array (
  'cookie' => 'pgv_pvi=624094208; pgv_si=s6959144960; PHPSESSID=c2jes9k77f1ucsce63cc3naat2',
  'accept-language' => 'zh-CN,zh;q=0.9,ja;q=0.8,en;q=0.7',
  'accept-encoding' => 'gzip, deflate',
  'referer' => 'http://tp.test/admin/user/login/login',
  'accept' => 'text/css,*/*;q=0.1',
  'user-agent' => 'Mozilla/5.0 (Windows NT 6.1; Win64; x64) AppleWebKit/537.36 (KHTML, like Gecko) Chrome/74.0.3729.169 Safari/537.36',
  'connection' => 'close',
  'host' => 'tp.test',
)
[ info ] [ PARAM ] array (
)
[ info ] [ LOG ] INIT File
---------------------------------------------------------------
[ 2019-12-18T17:44:03+08:00 ] 127.0.0.1 GET tp.test/admin/js/off-canvas.js
[运行时间：0.027001s] [吞吐率：37.04req/s] [内存消耗：1,274.48kb] [文件加载：34]
[ info ] [ LANG ] E:\phpstudy_pro\WWW\tpframe\thinkphp\lang\zh-cn.php
[ info ] [ ROUTE ] array (
  'type' => 'module',
  'module' => 
  array (
    0 => 'js',
    1 => 'off-canvas',
    2 => NULL,
  ),
)
[ info ] [ HEADER ] array (
  'cookie' => 'pgv_pvi=624094208; pgv_si=s6959144960; PHPSESSID=c2jes9k77f1ucsce63cc3naat2',
  'accept-language' => 'zh-CN,zh;q=0.9,ja;q=0.8,en;q=0.7',
  'accept-encoding' => 'gzip, deflate',
  'referer' => 'http://tp.test/admin/user/login/login',
  'accept' => '*/*',
  'user-agent' => 'Mozilla/5.0 (Windows NT 6.1; Win64; x64) AppleWebKit/537.36 (KHTML, like Gecko) Chrome/74.0.3729.169 Safari/537.36',
  'connection' => 'close',
  'host' => 'tp.test',
)
[ info ] [ PARAM ] array (
)
[ info ] [ LOG ] INIT File
---------------------------------------------------------------
[ 2019-12-18T17:44:03+08:00 ] 127.0.0.1 GET tp.test/admin/js/misc.js
[运行时间：0.027001s] [吞吐率：37.04req/s] [内存消耗：1,274.34kb] [文件加载：34]
[ info ] [ LANG ] E:\phpstudy_pro\WWW\tpframe\thinkphp\lang\zh-cn.php
[ info ] [ ROUTE ] array (
  'type' => 'module',
  'module' => 
  array (
    0 => 'js',
    1 => 'misc',
    2 => NULL,
  ),
)
[ info ] [ HEADER ] array (
  'cookie' => 'pgv_pvi=624094208; pgv_si=s6959144960; PHPSESSID=c2jes9k77f1ucsce63cc3naat2',
  'accept-language' => 'zh-CN,zh;q=0.9,ja;q=0.8,en;q=0.7',
  'accept-encoding' => 'gzip, deflate',
  'referer' => 'http://tp.test/admin/user/login/login',
  'accept' => '*/*',
  'user-agent' => 'Mozilla/5.0 (Windows NT 6.1; Win64; x64) AppleWebKit/537.36 (KHTML, like Gecko) Chrome/74.0.3729.169 Safari/537.36',
  'connection' => 'close',
  'host' => 'tp.test',
)
[ info ] [ PARAM ] array (
)
[ info ] [ LOG ] INIT File
---------------------------------------------------------------
[ 2019-12-18T17:44:04+08:00 ] 127.0.0.1 GET tp.test/admin/vendors/css/vendor.bundle.base.css
[运行时间：0.046002s] [吞吐率：21.74req/s] [内存消耗：1,274.89kb] [文件加载：34]
[ info ] [ LANG ] E:\phpstudy_pro\WWW\tpframe\thinkphp\lang\zh-cn.php
[ info ] [ ROUTE ] array (
  'type' => 'module',
  'module' => 
  array (
    0 => 'vendors',
    1 => 'css',
    2 => 'vendor.bundle.base',
  ),
)
[ info ] [ HEADER ] array (
  'cookie' => 'pgv_pvi=624094208; pgv_si=s6959144960; PHPSESSID=c2jes9k77f1ucsce63cc3naat2',
  'accept-language' => 'zh-CN,zh;q=0.9,ja;q=0.8,en;q=0.7',
  'accept-encoding' => 'gzip, deflate',
  'referer' => 'http://tp.test/admin/user/login/login',
  'accept' => 'text/css,*/*;q=0.1',
  'user-agent' => 'Mozilla/5.0 (Windows NT 6.1; Win64; x64) AppleWebKit/537.36 (KHTML, like Gecko) Chrome/74.0.3729.169 Safari/537.36',
  'connection' => 'close',
  'host' => 'tp.test',
)
[ info ] [ PARAM ] array (
)
[ info ] [ LOG ] INIT File
---------------------------------------------------------------
[ 2019-12-18T17:44:04+08:00 ] 127.0.0.1 GET tp.test/admin/css/style.css
[运行时间：0.049003s] [吞吐率：20.41req/s] [内存消耗：1,274.73kb] [文件加载：34]
[ info ] [ LANG ] E:\phpstudy_pro\WWW\tpframe\thinkphp\lang\zh-cn.php
[ info ] [ ROUTE ] array (
  'type' => 'module',
  'module' => 
  array (
    0 => 'css',
    1 => 'style',
    2 => NULL,
  ),
)
[ info ] [ HEADER ] array (
  'cookie' => 'pgv_pvi=624094208; pgv_si=s6959144960; PHPSESSID=c2jes9k77f1ucsce63cc3naat2',
  'accept-language' => 'zh-CN,zh;q=0.9,ja;q=0.8,en;q=0.7',
  'accept-encoding' => 'gzip, deflate',
  'referer' => 'http://tp.test/admin/user/login/login',
  'accept' => 'text/css,*/*;q=0.1',
  'user-agent' => 'Mozilla/5.0 (Windows NT 6.1; Win64; x64) AppleWebKit/537.36 (KHTML, like Gecko) Chrome/74.0.3729.169 Safari/537.36',
  'connection' => 'close',
  'host' => 'tp.test',
)
[ info ] [ PARAM ] array (
)
[ info ] [ LOG ] INIT File
---------------------------------------------------------------
[ 2019-12-18T17:44:04+08:00 ] 127.0.0.1 GET tp.test/admin/vendors/js/vendor.bundle.base.js
[运行时间：0.033002s] [吞吐率：30.30req/s] [内存消耗：1,274.63kb] [文件加载：34]
[ info ] [ LANG ] E:\phpstudy_pro\WWW\tpframe\thinkphp\lang\zh-cn.php
[ info ] [ ROUTE ] array (
  'type' => 'module',
  'module' => 
  array (
    0 => 'vendors',
    1 => 'js',
    2 => 'vendor.bundle.base',
  ),
)
[ info ] [ HEADER ] array (
  'cookie' => 'pgv_pvi=624094208; pgv_si=s6959144960; PHPSESSID=c2jes9k77f1ucsce63cc3naat2',
  'accept-language' => 'zh-CN,zh;q=0.9,ja;q=0.8,en;q=0.7',
  'accept-encoding' => 'gzip, deflate',
  'referer' => 'http://tp.test/admin/user/login/login',
  'accept' => '*/*',
  'user-agent' => 'Mozilla/5.0 (Windows NT 6.1; Win64; x64) AppleWebKit/537.36 (KHTML, like Gecko) Chrome/74.0.3729.169 Safari/537.36',
  'connection' => 'close',
  'host' => 'tp.test',
)
[ info ] [ PARAM ] array (
)
[ info ] [ LOG ] INIT File
---------------------------------------------------------------
[ 2019-12-18T17:44:04+08:00 ] 127.0.0.1 GET tp.test/admin/images/logo.svg
[运行时间：0.033002s] [吞吐率：30.30req/s] [内存消耗：1,274.75kb] [文件加载：34]
[ info ] [ LANG ] E:\phpstudy_pro\WWW\tpframe\thinkphp\lang\zh-cn.php
[ info ] [ ROUTE ] array (
  'type' => 'module',
  'module' => 
  array (
    0 => 'images',
    1 => 'logo',
    2 => NULL,
  ),
)
[ info ] [ HEADER ] array (
  'cookie' => 'pgv_pvi=624094208; pgv_si=s6959144960; PHPSESSID=c2jes9k77f1ucsce63cc3naat2',
  'accept-language' => 'zh-CN,zh;q=0.9,ja;q=0.8,en;q=0.7',
  'accept-encoding' => 'gzip, deflate',
  'referer' => 'http://tp.test/admin/user/login/login',
  'accept' => 'image/webp,image/apng,image/*,*/*;q=0.8',
  'user-agent' => 'Mozilla/5.0 (Windows NT 6.1; Win64; x64) AppleWebKit/537.36 (KHTML, like Gecko) Chrome/74.0.3729.169 Safari/537.36',
  'connection' => 'close',
  'host' => 'tp.test',
)
[ info ] [ PARAM ] array (
)
[ info ] [ LOG ] INIT File
---------------------------------------------------------------
[ 2019-12-18T17:44:04+08:00 ] 127.0.0.1 GET tp.test/admin/js/off-canvas.js
[运行时间：0.027002s] [吞吐率：37.03req/s] [内存消耗：1,274.48kb] [文件加载：34]
[ info ] [ LANG ] E:\phpstudy_pro\WWW\tpframe\thinkphp\lang\zh-cn.php
[ info ] [ ROUTE ] array (
  'type' => 'module',
  'module' => 
  array (
    0 => 'js',
    1 => 'off-canvas',
    2 => NULL,
  ),
)
[ info ] [ HEADER ] array (
  'cookie' => 'pgv_pvi=624094208; pgv_si=s6959144960; PHPSESSID=c2jes9k77f1ucsce63cc3naat2',
  'accept-language' => 'zh-CN,zh;q=0.9,ja;q=0.8,en;q=0.7',
  'accept-encoding' => 'gzip, deflate',
  'referer' => 'http://tp.test/admin/user/login/login',
  'accept' => '*/*',
  'user-agent' => 'Mozilla/5.0 (Windows NT 6.1; Win64; x64) AppleWebKit/537.36 (KHTML, like Gecko) Chrome/74.0.3729.169 Safari/537.36',
  'connection' => 'close',
  'host' => 'tp.test',
)
[ info ] [ PARAM ] array (
)
[ info ] [ LOG ] INIT File
---------------------------------------------------------------
[ 2019-12-18T17:44:04+08:00 ] 127.0.0.1 GET tp.test/admin/js/misc.js
[运行时间：0.026002s] [吞吐率：38.46req/s] [内存消耗：1,274.34kb] [文件加载：34]
[ info ] [ LANG ] E:\phpstudy_pro\WWW\tpframe\thinkphp\lang\zh-cn.php
[ info ] [ ROUTE ] array (
  'type' => 'module',
  'module' => 
  array (
    0 => 'js',
    1 => 'misc',
    2 => NULL,
  ),
)
[ info ] [ HEADER ] array (
  'cookie' => 'pgv_pvi=624094208; pgv_si=s6959144960; PHPSESSID=c2jes9k77f1ucsce63cc3naat2',
  'accept-language' => 'zh-CN,zh;q=0.9,ja;q=0.8,en;q=0.7',
  'accept-encoding' => 'gzip, deflate',
  'referer' => 'http://tp.test/admin/user/login/login',
  'accept' => '*/*',
  'user-agent' => 'Mozilla/5.0 (Windows NT 6.1; Win64; x64) AppleWebKit/537.36 (KHTML, like Gecko) Chrome/74.0.3729.169 Safari/537.36',
  'connection' => 'close',
  'host' => 'tp.test',
)
[ info ] [ PARAM ] array (
)
[ info ] [ LOG ] INIT File
---------------------------------------------------------------
[ 2019-12-18T17:44:04+08:00 ] 127.0.0.1 GET tp.test/admin/images/favicon.png
[运行时间：0.025001s] [吞吐率：40.00req/s] [内存消耗：1,275.22kb] [文件加载：34]
[ info ] [ LANG ] E:\phpstudy_pro\WWW\tpframe\thinkphp\lang\zh-cn.php
[ info ] [ ROUTE ] array (
  'type' => 'module',
  'module' => 
  array (
    0 => 'images',
    1 => 'favicon',
    2 => NULL,
  ),
)
[ info ] [ HEADER ] array (
  'cookie' => 'pgv_pvi=624094208; pgv_si=s6959144960; PHPSESSID=c2jes9k77f1ucsce63cc3naat2',
  'accept-language' => 'zh-CN,zh;q=0.9,ja;q=0.8,en;q=0.7',
  'accept-encoding' => 'gzip, deflate',
  'referer' => 'http://tp.test/admin/user/login/login',
  'accept' => 'image/webp,image/apng,image/*,*/*;q=0.8',
  'user-agent' => 'Mozilla/5.0 (Windows NT 6.1; Win64; x64) AppleWebKit/537.36 (KHTML, like Gecko) Chrome/74.0.3729.169 Safari/537.36',
  'cache-control' => 'no-cache',
  'pragma' => 'no-cache',
  'connection' => 'close',
  'host' => 'tp.test',
)
[ info ] [ PARAM ] array (
)
[ info ] [ LOG ] INIT File
---------------------------------------------------------------
[ 2019-12-18T18:00:04+08:00 ] 127.0.0.1 GET tp.test/admin/user/login/login
[运行时间：0.057004s] [吞吐率：17.54req/s] [内存消耗：1,677.10kb] [文件加载：42]
[ info ] [ LANG ] E:\phpstudy_pro\WWW\tpframe\thinkphp\lang\zh-cn.php
[ info ] [ ROUTE ] array (
  'type' => 'module',
  'module' => 
  array (
    0 => 'user',
    1 => 'login',
    2 => 'login',
  ),
)
[ info ] [ HEADER ] array (
  'cookie' => 'pgv_pvi=624094208; pgv_si=s6959144960; PHPSESSID=c2jes9k77f1ucsce63cc3naat2',
  'accept-language' => 'zh-CN,zh;q=0.9,ja;q=0.8,en;q=0.7',
  'accept-encoding' => 'gzip, deflate',
  'accept' => 'text/html,application/xhtml+xml,application/xml;q=0.9,image/webp,image/apng,*/*;q=0.8,application/signed-exchange;v=b3',
  'user-agent' => 'Mozilla/5.0 (Windows NT 6.1; Win64; x64) AppleWebKit/537.36 (KHTML, like Gecko) Chrome/74.0.3729.169 Safari/537.36',
  'upgrade-insecure-requests' => '1',
  'cache-control' => 'max-age=0',
  'connection' => 'close',
  'host' => 'tp.test',
)
[ info ] [ PARAM ] array (
)
[ info ] [ RUN ] admin\user\controller\Login->login[ E:\phpstudy_pro\WWW\tpframe\admin\user\controller\Login.php ]
[ info ] [ VIEW ] E:\phpstudy_pro\WWW\tpframe\admin/user\view\\login.html [ array (
) ]
[ info ] [ LOG ] INIT File
---------------------------------------------------------------
[ 2019-12-18T18:00:05+08:00 ] 127.0.0.1 GET tp.test/admin/user/login/login
[运行时间：0.031001s] [吞吐率：32.26req/s] [内存消耗：1,538.32kb] [文件加载：40]
[ info ] [ LANG ] E:\phpstudy_pro\WWW\tpframe\thinkphp\lang\zh-cn.php
[ info ] [ ROUTE ] array (
  'type' => 'module',
  'module' => 
  array (
    0 => 'user',
    1 => 'login',
    2 => 'login',
  ),
)
[ info ] [ HEADER ] array (
  'cookie' => 'pgv_pvi=624094208; pgv_si=s6959144960; PHPSESSID=c2jes9k77f1ucsce63cc3naat2',
  'accept-language' => 'zh-CN,zh;q=0.9,ja;q=0.8,en;q=0.7',
  'accept-encoding' => 'gzip, deflate',
  'accept' => 'text/html,application/xhtml+xml,application/xml;q=0.9,image/webp,image/apng,*/*;q=0.8,application/signed-exchange;v=b3',
  'user-agent' => 'Mozilla/5.0 (Windows NT 6.1; Win64; x64) AppleWebKit/537.36 (KHTML, like Gecko) Chrome/74.0.3729.169 Safari/537.36',
  'upgrade-insecure-requests' => '1',
  'cache-control' => 'max-age=0',
  'connection' => 'close',
  'host' => 'tp.test',
)
[ info ] [ PARAM ] array (
)
[ info ] [ RUN ] admin\user\controller\Login->login[ E:\phpstudy_pro\WWW\tpframe\admin\user\controller\Login.php ]
[ info ] [ VIEW ] E:\phpstudy_pro\WWW\tpframe\admin/user\view\\login.html [ array (
) ]
[ info ] [ LOG ] INIT File
---------------------------------------------------------------
[ 2019-12-18T18:00:15+08:00 ] 127.0.0.1 GET tp.test/admin/index.html
[运行时间：0.036002s] [吞吐率：27.78req/s] [内存消耗：1,408.13kb] [文件加载：37]
[ info ] [ LANG ] E:\phpstudy_pro\WWW\tpframe\thinkphp\lang\zh-cn.php
[ info ] [ ROUTE ] array (
  'type' => 'module',
  'module' => 
  array (
    0 => 'index',
    1 => NULL,
    2 => NULL,
  ),
)
[ info ] [ HEADER ] array (
  'cookie' => 'pgv_pvi=624094208; pgv_si=s6959144960; PHPSESSID=c2jes9k77f1ucsce63cc3naat2',
  'accept-language' => 'zh-CN,zh;q=0.9,ja;q=0.8,en;q=0.7',
  'accept-encoding' => 'gzip, deflate',
  'referer' => 'http://tp.test/admin/user/login/login',
  'accept' => 'text/html,application/xhtml+xml,application/xml;q=0.9,image/webp,image/apng,*/*;q=0.8,application/signed-exchange;v=b3',
  'user-agent' => 'Mozilla/5.0 (Windows NT 6.1; Win64; x64) AppleWebKit/537.36 (KHTML, like Gecko) Chrome/74.0.3729.169 Safari/537.36',
  'upgrade-insecure-requests' => '1',
  'connection' => 'close',
  'host' => 'tp.test',
)
[ info ] [ PARAM ] array (
)
[ info ] [ RUN ] admin\index\controller\Index->index[ E:\phpstudy_pro\WWW\tpframe\admin\index\controller\Index.php ]
[ info ] [ LOG ] INIT File
