---------------------------------------------------------------
[ 2019-12-19T16:06:44+08:00 ] 127.0.0.1 POST tp.test/admin/user/login/dologin
[运行时间：0.064003s] [吞吐率：15.62req/s] [内存消耗：2,569.55kb] [文件加载：51]
[ info ] [ LANG ] E:\phpstudy_pro\WWW\tpframe\thinkphp\lang\zh-cn.php
[ info ] [ ROUTE ] array (
  'type' => 'module',
  'module' => 
  array (
    0 => 'user',
    1 => 'login',
    2 => 'dologin',
  ),
)
[ info ] [ HEADER ] array (
  'cookie' => 'pgv_pvi=624094208; PHPSESSID=0nlnundor6e14grsqe5pj0ni05',
  'accept-language' => 'zh-CN,zh;q=0.9,ja;q=0.8,en;q=0.7',
  'accept-encoding' => 'gzip, deflate',
  'referer' => 'http://tp.test/admin/user/login/login/id/1',
  'content-type' => 'application/x-www-form-urlencoded; charset=UTF-8',
  'user-agent' => 'Mozilla/5.0 (Windows NT 6.1; Win64; x64) AppleWebKit/537.36 (KHTML, like Gecko) Chrome/74.0.3729.169 Safari/537.36',
  'x-requested-with' => 'XMLHttpRequest',
  'origin' => 'http://tp.test',
  'accept' => '*/*',
  'cache-control' => 'no-cache',
  'pragma' => 'no-cache',
  'content-length' => '151',
  'connection' => 'close',
  'host' => 'tp.test',
)
[ info ] [ PARAM ] array (
  'user_login' => '   parent::__construct($request);',
  'user_pass' => '   parent::__construct($request);',
  'code' => '   parent::__construct($request);',
)
[ info ] [ RUN ] admin\user\controller\Login->doLogin[ E:\phpstudy_pro\WWW\tpframe\admin\user\controller\Login.php ]
[ info ] [ SESSION ] INIT array (
  'id' => '',
  'var_session_id' => '',
  'prefix' => 'think',
  'type' => '',
  'auto_start' => true,
)
[ info ] [ DB ] INIT mysql
[ info ] [ LOG ] INIT File
[ error ] [0]致命错误: Call to a member function param() on null[E:\phpstudy_pro\WWW\tpframe\admin\user\service\AdminService.php:16]
---------------------------------------------------------------
[ 2019-12-19T16:07:19+08:00 ] 127.0.0.1 POST tp.test/admin/user/login/dologin
[运行时间：0.062003s] [吞吐率：16.13req/s] [内存消耗：2,503.59kb] [文件加载：47]
[ info ] [ LANG ] E:\phpstudy_pro\WWW\tpframe\thinkphp\lang\zh-cn.php
[ info ] [ ROUTE ] array (
  'type' => 'module',
  'module' => 
  array (
    0 => 'user',
    1 => 'login',
    2 => 'dologin',
  ),
)
[ info ] [ HEADER ] array (
  'cookie' => 'pgv_pvi=624094208; PHPSESSID=0nlnundor6e14grsqe5pj0ni05',
  'accept-language' => 'zh-CN,zh;q=0.9,ja;q=0.8,en;q=0.7',
  'accept-encoding' => 'gzip, deflate',
  'referer' => 'http://tp.test/admin/user/login/login/id/1',
  'content-type' => 'application/x-www-form-urlencoded; charset=UTF-8',
  'user-agent' => 'Mozilla/5.0 (Windows NT 6.1; Win64; x64) AppleWebKit/537.36 (KHTML, like Gecko) Chrome/74.0.3729.169 Safari/537.36',
  'x-requested-with' => 'XMLHttpRequest',
  'origin' => 'http://tp.test',
  'accept' => '*/*',
  'cache-control' => 'no-cache',
  'pragma' => 'no-cache',
  'content-length' => '151',
  'connection' => 'close',
  'host' => 'tp.test',
)
[ info ] [ PARAM ] array (
  'user_login' => '   parent::__construct($request);',
  'user_pass' => '   parent::__construct($request);',
  'code' => '   parent::__construct($request);',
)
[ info ] [ RUN ] admin\user\controller\Login->doLogin[ E:\phpstudy_pro\WWW\tpframe\admin\user\controller\Login.php ]
[ info ] [ SESSION ] INIT array (
  'id' => '',
  'var_session_id' => '',
  'prefix' => 'think',
  'type' => '',
  'auto_start' => true,
)
[ info ] [ DB ] INIT mysql
[ info ] [ LOG ] INIT File
---------------------------------------------------------------
[ 2019-12-19T16:36:45+08:00 ] 127.0.0.1 GET tp.test/admin/user/login/login/id/1
[运行时间：0.281016s] [吞吐率：3.56req/s] [内存消耗：2,396.88kb] [文件加载：45]
[ info ] [ LANG ] E:\phpstudy_pro\WWW\tpframe\thinkphp\lang\zh-cn.php
[ info ] [ ROUTE ] array (
  'type' => 'module',
  'module' => 
  array (
    0 => 'user',
    1 => 'login',
    2 => 'login',
  ),
)
[ info ] [ HEADER ] array (
  'cookie' => 'pgv_pvi=624094208; PHPSESSID=0nlnundor6e14grsqe5pj0ni05',
  'accept-language' => 'zh-CN,zh;q=0.9,ja;q=0.8,en;q=0.7',
  'accept-encoding' => 'gzip, deflate',
  'accept' => 'text/html,application/xhtml+xml,application/xml;q=0.9,image/webp,image/apng,*/*;q=0.8,application/signed-exchange;v=b3',
  'user-agent' => 'Mozilla/5.0 (Windows NT 6.1; Win64; x64) AppleWebKit/537.36 (KHTML, like Gecko) Chrome/74.0.3729.169 Safari/537.36',
  'upgrade-insecure-requests' => '1',
  'cache-control' => 'no-cache',
  'pragma' => 'no-cache',
  'connection' => 'close',
  'host' => 'tp.test',
)
[ info ] [ PARAM ] array (
  'id' => '1',
)
[ info ] [ RUN ] admin\user\controller\Login->login[ E:\phpstudy_pro\WWW\tpframe\admin\user\controller\Login.php ]
[ info ] [ DB ] INIT mysql
[ info ] [ LOG ] INIT File
---------------------------------------------------------------
[ 2019-12-19T16:36:56+08:00 ] 127.0.0.1 GET tp.test/admin/user/login/login
[运行时间：0.062004s] [吞吐率：16.13req/s] [内存消耗：2,395.95kb] [文件加载：45]
[ info ] [ LANG ] E:\phpstudy_pro\WWW\tpframe\thinkphp\lang\zh-cn.php
[ info ] [ ROUTE ] array (
  'type' => 'module',
  'module' => 
  array (
    0 => 'user',
    1 => 'login',
    2 => 'login',
  ),
)
[ info ] [ HEADER ] array (
  'cookie' => 'pgv_pvi=624094208; PHPSESSID=0nlnundor6e14grsqe5pj0ni05',
  'accept-language' => 'zh-CN,zh;q=0.9,ja;q=0.8,en;q=0.7',
  'accept-encoding' => 'gzip, deflate',
  'purpose' => 'prefetch',
  'accept' => 'text/html,application/xhtml+xml,application/xml;q=0.9,image/webp,image/apng,*/*;q=0.8,application/signed-exchange;v=b3',
  'user-agent' => 'Mozilla/5.0 (Windows NT 6.1; Win64; x64) AppleWebKit/537.36 (KHTML, like Gecko) Chrome/74.0.3729.169 Safari/537.36',
  'upgrade-insecure-requests' => '1',
  'connection' => 'close',
  'host' => 'tp.test',
)
[ info ] [ PARAM ] array (
)
[ info ] [ RUN ] admin\user\controller\Login->login[ E:\phpstudy_pro\WWW\tpframe\admin\user\controller\Login.php ]
[ info ] [ DB ] INIT mysql
[ info ] [ LOG ] INIT File
---------------------------------------------------------------
[ 2019-12-19T16:37:01+08:00 ] 127.0.0.1 GET tp.test/admin/user/login/login
[运行时间：0.055003s] [吞吐率：18.18req/s] [内存消耗：1,593.65kb] [文件加载：40]
[ info ] [ LANG ] E:\phpstudy_pro\WWW\tpframe\thinkphp\lang\zh-cn.php
[ info ] [ ROUTE ] array (
  'type' => 'module',
  'module' => 
  array (
    0 => 'user',
    1 => 'login',
    2 => 'login',
  ),
)
[ info ] [ HEADER ] array (
  'cookie' => 'pgv_pvi=624094208; PHPSESSID=0nlnundor6e14grsqe5pj0ni05',
  'accept-language' => 'zh-CN,zh;q=0.9,ja;q=0.8,en;q=0.7',
  'accept-encoding' => 'gzip, deflate',
  'accept' => 'text/html,application/xhtml+xml,application/xml;q=0.9,image/webp,image/apng,*/*;q=0.8,application/signed-exchange;v=b3',
  'user-agent' => 'Mozilla/5.0 (Windows NT 6.1; Win64; x64) AppleWebKit/537.36 (KHTML, like Gecko) Chrome/74.0.3729.169 Safari/537.36',
  'upgrade-insecure-requests' => '1',
  'cache-control' => 'max-age=0',
  'connection' => 'close',
  'host' => 'tp.test',
)
[ info ] [ PARAM ] array (
)
[ info ] [ RUN ] admin\user\controller\Login->login[ E:\phpstudy_pro\WWW\tpframe\admin\user\controller\Login.php ]
[ info ] [ VIEW ] E:\phpstudy_pro\WWW\tpframe\admin/user\view\\login.html [ array (
) ]
[ info ] [ LOG ] INIT File
---------------------------------------------------------------
[ 2019-12-19T16:37:01+08:00 ] 127.0.0.1 GET tp.test/admin/user/login/captchaimg
[运行时间：0.064004s] [吞吐率：15.62req/s] [内存消耗：1,591.98kb] [文件加载：39]
[ info ] [ LANG ] E:\phpstudy_pro\WWW\tpframe\thinkphp\lang\zh-cn.php
[ info ] [ ROUTE ] array (
  'type' => 'module',
  'module' => 
  array (
    0 => 'user',
    1 => 'login',
    2 => 'captchaimg',
  ),
)
[ info ] [ HEADER ] array (
  'cookie' => 'pgv_pvi=624094208; PHPSESSID=0nlnundor6e14grsqe5pj0ni05',
  'accept-language' => 'zh-CN,zh;q=0.9,ja;q=0.8,en;q=0.7',
  'accept-encoding' => 'gzip, deflate',
  'referer' => 'http://tp.test/admin/user/login/login',
  'accept' => 'image/webp,image/apng,image/*,*/*;q=0.8',
  'user-agent' => 'Mozilla/5.0 (Windows NT 6.1; Win64; x64) AppleWebKit/537.36 (KHTML, like Gecko) Chrome/74.0.3729.169 Safari/537.36',
  'connection' => 'close',
  'host' => 'tp.test',
)
[ info ] [ PARAM ] array (
)
[ info ] [ RUN ] admin\user\controller\Login->captchaImg[ E:\phpstudy_pro\WWW\tpframe\admin\user\controller\Login.php ]
[ info ] [ SESSION ] INIT array (
  'id' => '',
  'var_session_id' => '',
  'prefix' => 'think',
  'type' => '',
  'auto_start' => true,
)
[ info ] [ LOG ] INIT File
---------------------------------------------------------------
[ 2019-12-19T16:37:57+08:00 ] 127.0.0.1 GET tp.test/admin/user/login/login
[运行时间：0.038002s] [吞吐率：26.31req/s] [内存消耗：1,596.80kb] [文件加载：40]
[ info ] [ LANG ] E:\phpstudy_pro\WWW\tpframe\thinkphp\lang\zh-cn.php
[ info ] [ ROUTE ] array (
  'type' => 'module',
  'module' => 
  array (
    0 => 'user',
    1 => 'login',
    2 => 'login',
  ),
)
[ info ] [ HEADER ] array (
  'cookie' => 'pgv_pvi=624094208; PHPSESSID=0nlnundor6e14grsqe5pj0ni05',
  'accept-language' => 'zh-CN,zh;q=0.9,ja;q=0.8,en;q=0.7',
  'accept-encoding' => 'gzip, deflate',
  'accept' => 'text/html,application/xhtml+xml,application/xml;q=0.9,image/webp,image/apng,*/*;q=0.8,application/signed-exchange;v=b3',
  'user-agent' => 'Mozilla/5.0 (Windows NT 6.1; Win64; x64) AppleWebKit/537.36 (KHTML, like Gecko) Chrome/74.0.3729.169 Safari/537.36',
  'upgrade-insecure-requests' => '1',
  'cache-control' => 'max-age=0',
  'connection' => 'close',
  'host' => 'tp.test',
)
[ info ] [ PARAM ] array (
)
[ info ] [ RUN ] admin\user\controller\Login->login[ E:\phpstudy_pro\WWW\tpframe\admin\user\controller\Login.php ]
[ info ] [ VIEW ] E:\phpstudy_pro\WWW\tpframe\admin/user\view\\login.html [ array (
) ]
[ info ] [ LOG ] INIT File
---------------------------------------------------------------
[ 2019-12-19T16:37:57+08:00 ] 127.0.0.1 GET tp.test/admin/user/login/captchaimg
[运行时间：0.049003s] [吞吐率：20.41req/s] [内存消耗：1,595.13kb] [文件加载：39]
[ info ] [ LANG ] E:\phpstudy_pro\WWW\tpframe\thinkphp\lang\zh-cn.php
[ info ] [ ROUTE ] array (
  'type' => 'module',
  'module' => 
  array (
    0 => 'user',
    1 => 'login',
    2 => 'captchaimg',
  ),
)
[ info ] [ HEADER ] array (
  'cookie' => 'pgv_pvi=624094208; PHPSESSID=0nlnundor6e14grsqe5pj0ni05',
  'accept-language' => 'zh-CN,zh;q=0.9,ja;q=0.8,en;q=0.7',
  'accept-encoding' => 'gzip, deflate',
  'referer' => 'http://tp.test/admin/user/login/login',
  'accept' => 'image/webp,image/apng,image/*,*/*;q=0.8',
  'user-agent' => 'Mozilla/5.0 (Windows NT 6.1; Win64; x64) AppleWebKit/537.36 (KHTML, like Gecko) Chrome/74.0.3729.169 Safari/537.36',
  'connection' => 'close',
  'host' => 'tp.test',
)
[ info ] [ PARAM ] array (
)
[ info ] [ RUN ] admin\user\controller\Login->captchaImg[ E:\phpstudy_pro\WWW\tpframe\admin\user\controller\Login.php ]
[ info ] [ SESSION ] INIT array (
  'id' => '',
  'var_session_id' => '',
  'prefix' => 'think',
  'type' => '',
  'auto_start' => true,
)
[ info ] [ LOG ] INIT File
---------------------------------------------------------------
[ 2019-12-19T16:38:53+08:00 ] 127.0.0.1 GET tp.test/admin/user/login/login
[运行时间：0.047003s] [吞吐率：21.28req/s] [内存消耗：2,398.76kb] [文件加载：45]
[ info ] [ LANG ] E:\phpstudy_pro\WWW\tpframe\thinkphp\lang\zh-cn.php
[ info ] [ ROUTE ] array (
  'type' => 'module',
  'module' => 
  array (
    0 => 'user',
    1 => 'login',
    2 => 'login',
  ),
)
[ info ] [ HEADER ] array (
  'cookie' => 'pgv_pvi=624094208; PHPSESSID=0nlnundor6e14grsqe5pj0ni05',
  'accept-language' => 'zh-CN,zh;q=0.9,ja;q=0.8,en;q=0.7',
  'accept-encoding' => 'gzip, deflate',
  'accept' => 'text/html,application/xhtml+xml,application/xml;q=0.9,image/webp,image/apng,*/*;q=0.8,application/signed-exchange;v=b3',
  'user-agent' => 'Mozilla/5.0 (Windows NT 6.1; Win64; x64) AppleWebKit/537.36 (KHTML, like Gecko) Chrome/74.0.3729.169 Safari/537.36',
  'upgrade-insecure-requests' => '1',
  'cache-control' => 'max-age=0',
  'connection' => 'close',
  'host' => 'tp.test',
)
[ info ] [ PARAM ] array (
)
[ info ] [ RUN ] admin\user\controller\Login->login[ E:\phpstudy_pro\WWW\tpframe\admin\user\controller\Login.php ]
[ info ] [ DB ] INIT mysql
[ info ] [ LOG ] INIT File
---------------------------------------------------------------
[ 2019-12-19T16:39:04+08:00 ] 127.0.0.1 GET tp.test/admin/user/login/login
[运行时间：0.051003s] [吞吐率：19.61req/s] [内存消耗：2,398.55kb] [文件加载：45]
[ info ] [ LANG ] E:\phpstudy_pro\WWW\tpframe\thinkphp\lang\zh-cn.php
[ info ] [ ROUTE ] array (
  'type' => 'module',
  'module' => 
  array (
    0 => 'user',
    1 => 'login',
    2 => 'login',
  ),
)
[ info ] [ HEADER ] array (
  'cookie' => 'pgv_pvi=624094208; PHPSESSID=0nlnundor6e14grsqe5pj0ni05',
  'accept-language' => 'zh-CN,zh;q=0.9,ja;q=0.8,en;q=0.7',
  'accept-encoding' => 'gzip, deflate',
  'accept' => 'text/html,application/xhtml+xml,application/xml;q=0.9,image/webp,image/apng,*/*;q=0.8,application/signed-exchange;v=b3',
  'user-agent' => 'Mozilla/5.0 (Windows NT 6.1; Win64; x64) AppleWebKit/537.36 (KHTML, like Gecko) Chrome/74.0.3729.169 Safari/537.36',
  'upgrade-insecure-requests' => '1',
  'cache-control' => 'max-age=0',
  'connection' => 'close',
  'host' => 'tp.test',
)
[ info ] [ PARAM ] array (
)
[ info ] [ RUN ] admin\user\controller\Login->login[ E:\phpstudy_pro\WWW\tpframe\admin\user\controller\Login.php ]
[ info ] [ DB ] INIT mysql
[ info ] [ LOG ] INIT File
---------------------------------------------------------------
[ 2019-12-19T16:39:19+08:00 ] 127.0.0.1 GET tp.test/admin/user/login/login
[运行时间：0.034002s] [吞吐率：29.41req/s] [内存消耗：1,593.65kb] [文件加载：40]
[ info ] [ LANG ] E:\phpstudy_pro\WWW\tpframe\thinkphp\lang\zh-cn.php
[ info ] [ ROUTE ] array (
  'type' => 'module',
  'module' => 
  array (
    0 => 'user',
    1 => 'login',
    2 => 'login',
  ),
)
[ info ] [ HEADER ] array (
  'cookie' => 'pgv_pvi=624094208; PHPSESSID=0nlnundor6e14grsqe5pj0ni05',
  'accept-language' => 'zh-CN,zh;q=0.9,ja;q=0.8,en;q=0.7',
  'accept-encoding' => 'gzip, deflate',
  'accept' => 'text/html,application/xhtml+xml,application/xml;q=0.9,image/webp,image/apng,*/*;q=0.8,application/signed-exchange;v=b3',
  'user-agent' => 'Mozilla/5.0 (Windows NT 6.1; Win64; x64) AppleWebKit/537.36 (KHTML, like Gecko) Chrome/74.0.3729.169 Safari/537.36',
  'upgrade-insecure-requests' => '1',
  'cache-control' => 'max-age=0',
  'connection' => 'close',
  'host' => 'tp.test',
)
[ info ] [ PARAM ] array (
)
[ info ] [ RUN ] admin\user\controller\Login->login[ E:\phpstudy_pro\WWW\tpframe\admin\user\controller\Login.php ]
[ info ] [ VIEW ] E:\phpstudy_pro\WWW\tpframe\admin/user\view\\login.html [ array (
) ]
[ info ] [ LOG ] INIT File
---------------------------------------------------------------
[ 2019-12-19T16:39:19+08:00 ] 127.0.0.1 GET tp.test/admin/user/login/captchaimg
[运行时间：0.045003s] [吞吐率：22.22req/s] [内存消耗：1,591.98kb] [文件加载：39]
[ info ] [ LANG ] E:\phpstudy_pro\WWW\tpframe\thinkphp\lang\zh-cn.php
[ info ] [ ROUTE ] array (
  'type' => 'module',
  'module' => 
  array (
    0 => 'user',
    1 => 'login',
    2 => 'captchaimg',
  ),
)
[ info ] [ HEADER ] array (
  'cookie' => 'pgv_pvi=624094208; PHPSESSID=0nlnundor6e14grsqe5pj0ni05',
  'accept-language' => 'zh-CN,zh;q=0.9,ja;q=0.8,en;q=0.7',
  'accept-encoding' => 'gzip, deflate',
  'referer' => 'http://tp.test/admin/user/login/login',
  'accept' => 'image/webp,image/apng,image/*,*/*;q=0.8',
  'user-agent' => 'Mozilla/5.0 (Windows NT 6.1; Win64; x64) AppleWebKit/537.36 (KHTML, like Gecko) Chrome/74.0.3729.169 Safari/537.36',
  'connection' => 'close',
  'host' => 'tp.test',
)
[ info ] [ PARAM ] array (
)
[ info ] [ RUN ] admin\user\controller\Login->captchaImg[ E:\phpstudy_pro\WWW\tpframe\admin\user\controller\Login.php ]
[ info ] [ SESSION ] INIT array (
  'id' => '',
  'var_session_id' => '',
  'prefix' => 'think',
  'type' => '',
  'auto_start' => true,
)
[ info ] [ LOG ] INIT File
---------------------------------------------------------------
[ 2019-12-19T16:39:26+08:00 ] 127.0.0.1 POST tp.test/admin/user/login/dologin
[运行时间：0.066003s] [吞吐率：15.15req/s] [内存消耗：2,539.80kb] [文件加载：49]
[ info ] [ LANG ] E:\phpstudy_pro\WWW\tpframe\thinkphp\lang\zh-cn.php
[ info ] [ ROUTE ] array (
  'type' => 'module',
  'module' => 
  array (
    0 => 'user',
    1 => 'login',
    2 => 'dologin',
  ),
)
[ info ] [ HEADER ] array (
  'cookie' => 'pgv_pvi=624094208; PHPSESSID=0nlnundor6e14grsqe5pj0ni05',
  'accept-language' => 'zh-CN,zh;q=0.9,ja;q=0.8,en;q=0.7',
  'accept-encoding' => 'gzip, deflate',
  'referer' => 'http://tp.test/admin/user/login/login',
  'content-type' => 'application/x-www-form-urlencoded; charset=UTF-8',
  'user-agent' => 'Mozilla/5.0 (Windows NT 6.1; Win64; x64) AppleWebKit/537.36 (KHTML, like Gecko) Chrome/74.0.3729.169 Safari/537.36',
  'x-requested-with' => 'XMLHttpRequest',
  'origin' => 'http://tp.test',
  'accept' => '*/*',
  'cache-control' => 'no-cache',
  'pragma' => 'no-cache',
  'content-length' => '34',
  'connection' => 'close',
  'host' => 'tp.test',
)
[ info ] [ PARAM ] array (
  'user_login' => 'da',
  'user_pass' => 'ad',
  'code' => 'ad',
)
[ info ] [ RUN ] admin\user\controller\Login->doLogin[ E:\phpstudy_pro\WWW\tpframe\admin\user\controller\Login.php ]
[ info ] [ SESSION ] INIT array (
  'id' => '',
  'var_session_id' => '',
  'prefix' => 'think',
  'type' => '',
  'auto_start' => true,
)
[ info ] [ DB ] INIT mysql
[ info ] [ LOG ] INIT File
---------------------------------------------------------------
[ 2019-12-19T16:41:25+08:00 ] 127.0.0.1 GET tp.test/admin/user/login/login
[运行时间：0.041002s] [吞吐率：24.39req/s] [内存消耗：1,593.84kb] [文件加载：40]
[ info ] [ LANG ] E:\phpstudy_pro\WWW\tpframe\thinkphp\lang\zh-cn.php
[ info ] [ ROUTE ] array (
  'type' => 'module',
  'module' => 
  array (
    0 => 'user',
    1 => 'login',
    2 => 'login',
  ),
)
[ info ] [ HEADER ] array (
  'cookie' => 'pgv_pvi=624094208; PHPSESSID=0nlnundor6e14grsqe5pj0ni05',
  'accept-language' => 'zh-CN,zh;q=0.9,ja;q=0.8,en;q=0.7',
  'accept-encoding' => 'gzip, deflate',
  'accept' => 'text/html,application/xhtml+xml,application/xml;q=0.9,image/webp,image/apng,*/*;q=0.8,application/signed-exchange;v=b3',
  'user-agent' => 'Mozilla/5.0 (Windows NT 6.1; Win64; x64) AppleWebKit/537.36 (KHTML, like Gecko) Chrome/74.0.3729.169 Safari/537.36',
  'upgrade-insecure-requests' => '1',
  'cache-control' => 'no-cache',
  'pragma' => 'no-cache',
  'connection' => 'close',
  'host' => 'tp.test',
)
[ info ] [ PARAM ] array (
)
[ info ] [ RUN ] admin\user\controller\Login->login[ E:\phpstudy_pro\WWW\tpframe\admin\user\controller\Login.php ]
[ info ] [ VIEW ] E:\phpstudy_pro\WWW\tpframe\admin/user\view\\login.html [ array (
) ]
[ info ] [ LOG ] INIT File
---------------------------------------------------------------
[ 2019-12-19T16:41:25+08:00 ] 127.0.0.1 GET tp.test/admin/user/login/captchaimg
[运行时间：0.041002s] [吞吐率：24.39req/s] [内存消耗：1,592.44kb] [文件加载：39]
[ info ] [ LANG ] E:\phpstudy_pro\WWW\tpframe\thinkphp\lang\zh-cn.php
[ info ] [ ROUTE ] array (
  'type' => 'module',
  'module' => 
  array (
    0 => 'user',
    1 => 'login',
    2 => 'captchaimg',
  ),
)
[ info ] [ HEADER ] array (
  'cookie' => 'pgv_pvi=624094208; PHPSESSID=0nlnundor6e14grsqe5pj0ni05',
  'accept-language' => 'zh-CN,zh;q=0.9,ja;q=0.8,en;q=0.7',
  'accept-encoding' => 'gzip, deflate',
  'referer' => 'http://tp.test/admin/user/login/login',
  'accept' => 'image/webp,image/apng,image/*,*/*;q=0.8',
  'user-agent' => 'Mozilla/5.0 (Windows NT 6.1; Win64; x64) AppleWebKit/537.36 (KHTML, like Gecko) Chrome/74.0.3729.169 Safari/537.36',
  'cache-control' => 'no-cache',
  'pragma' => 'no-cache',
  'connection' => 'close',
  'host' => 'tp.test',
)
[ info ] [ PARAM ] array (
)
[ info ] [ RUN ] admin\user\controller\Login->captchaImg[ E:\phpstudy_pro\WWW\tpframe\admin\user\controller\Login.php ]
[ info ] [ SESSION ] INIT array (
  'id' => '',
  'var_session_id' => '',
  'prefix' => 'think',
  'type' => '',
  'auto_start' => true,
)
[ info ] [ LOG ] INIT File
---------------------------------------------------------------
[ 2019-12-19T16:41:30+08:00 ] 127.0.0.1 POST tp.test/admin/user/login/dologin
[运行时间：0.101006s] [吞吐率：9.90req/s] [内存消耗：2,614.28kb] [文件加载：49]
[ info ] [ LANG ] E:\phpstudy_pro\WWW\tpframe\thinkphp\lang\zh-cn.php
[ info ] [ ROUTE ] array (
  'type' => 'module',
  'module' => 
  array (
    0 => 'user',
    1 => 'login',
    2 => 'dologin',
  ),
)
[ info ] [ HEADER ] array (
  'cookie' => 'pgv_pvi=624094208; PHPSESSID=0nlnundor6e14grsqe5pj0ni05',
  'accept-language' => 'zh-CN,zh;q=0.9,ja;q=0.8,en;q=0.7',
  'accept-encoding' => 'gzip, deflate',
  'referer' => 'http://tp.test/admin/user/login/login',
  'content-type' => 'application/x-www-form-urlencoded; charset=UTF-8',
  'user-agent' => 'Mozilla/5.0 (Windows NT 6.1; Win64; x64) AppleWebKit/537.36 (KHTML, like Gecko) Chrome/74.0.3729.169 Safari/537.36',
  'x-requested-with' => 'XMLHttpRequest',
  'origin' => 'http://tp.test',
  'accept' => '*/*',
  'cache-control' => 'no-cache',
  'pragma' => 'no-cache',
  'content-length' => '43',
  'connection' => 'close',
  'host' => 'tp.test',
)
[ info ] [ PARAM ] array (
  'user_login' => 'admin',
  'user_pass' => 'admin',
  'code' => 'admin',
)
[ info ] [ RUN ] admin\user\controller\Login->doLogin[ E:\phpstudy_pro\WWW\tpframe\admin\user\controller\Login.php ]
[ info ] [ SESSION ] INIT array (
  'id' => '',
  'var_session_id' => '',
  'prefix' => 'think',
  'type' => '',
  'auto_start' => true,
)
[ info ] [ DB ] INIT mysql
[ info ] [ LOG ] INIT File
[ sql ] [ DB ] CONNECT:[ UseTime:0.031002s ] mysql:host=127.0.0.1;dbname=tpbase;charset=utf8
[ sql ] [ SQL ] SHOW COLUMNS FROM `tp_admin` [ RunTime:0.010001s ]
[ sql ] [ SQL ] SELECT * FROM `tp_admin` WHERE  `user_login` = 'admin' LIMIT 1 [ RunTime:0.001000s ]
---------------------------------------------------------------
[ 2019-12-19T16:41:46+08:00 ] 127.0.0.1 POST tp.test/admin/user/login/dologin
[运行时间：0.061003s] [吞吐率：16.39req/s] [内存消耗：2,613.68kb] [文件加载：49]
[ info ] [ LANG ] E:\phpstudy_pro\WWW\tpframe\thinkphp\lang\zh-cn.php
[ info ] [ ROUTE ] array (
  'type' => 'module',
  'module' => 
  array (
    0 => 'user',
    1 => 'login',
    2 => 'dologin',
  ),
)
[ info ] [ HEADER ] array (
  'cookie' => 'pgv_pvi=624094208; PHPSESSID=0nlnundor6e14grsqe5pj0ni05',
  'accept-language' => 'zh-CN,zh;q=0.9,ja;q=0.8,en;q=0.7',
  'accept-encoding' => 'gzip, deflate',
  'referer' => 'http://tp.test/admin/user/login/login',
  'content-type' => 'application/x-www-form-urlencoded; charset=UTF-8',
  'user-agent' => 'Mozilla/5.0 (Windows NT 6.1; Win64; x64) AppleWebKit/537.36 (KHTML, like Gecko) Chrome/74.0.3729.169 Safari/537.36',
  'x-requested-with' => 'XMLHttpRequest',
  'origin' => 'http://tp.test',
  'accept' => '*/*',
  'cache-control' => 'no-cache',
  'pragma' => 'no-cache',
  'content-length' => '44',
  'connection' => 'close',
  'host' => 'tp.test',
)
[ info ] [ PARAM ] array (
  'user_login' => 'admins',
  'user_pass' => 'admin',
  'code' => 'admin',
)
[ info ] [ RUN ] admin\user\controller\Login->doLogin[ E:\phpstudy_pro\WWW\tpframe\admin\user\controller\Login.php ]
[ info ] [ SESSION ] INIT array (
  'id' => '',
  'var_session_id' => '',
  'prefix' => 'think',
  'type' => '',
  'auto_start' => true,
)
[ info ] [ DB ] INIT mysql
[ info ] [ LOG ] INIT File
[ sql ] [ DB ] CONNECT:[ UseTime:0.002000s ] mysql:host=127.0.0.1;dbname=tpbase;charset=utf8
[ sql ] [ SQL ] SHOW COLUMNS FROM `tp_admin` [ RunTime:0.004000s ]
[ sql ] [ SQL ] SELECT * FROM `tp_admin` WHERE  `user_login` = 'admins' LIMIT 1 [ RunTime:0.001000s ]
---------------------------------------------------------------
[ 2019-12-19T16:43:16+08:00 ] 127.0.0.1 POST tp.test/admin/user/login/dologin
[运行时间：0.082004s] [吞吐率：12.19req/s] [内存消耗：2,613.89kb] [文件加载：49]
[ info ] [ LANG ] E:\phpstudy_pro\WWW\tpframe\thinkphp\lang\zh-cn.php
[ info ] [ ROUTE ] array (
  'type' => 'module',
  'module' => 
  array (
    0 => 'user',
    1 => 'login',
    2 => 'dologin',
  ),
)
[ info ] [ HEADER ] array (
  'cookie' => 'pgv_pvi=624094208; PHPSESSID=0nlnundor6e14grsqe5pj0ni05',
  'accept-language' => 'zh-CN,zh;q=0.9,ja;q=0.8,en;q=0.7',
  'accept-encoding' => 'gzip, deflate',
  'referer' => 'http://tp.test/admin/user/login/login',
  'content-type' => 'application/x-www-form-urlencoded; charset=UTF-8',
  'user-agent' => 'Mozilla/5.0 (Windows NT 6.1; Win64; x64) AppleWebKit/537.36 (KHTML, like Gecko) Chrome/74.0.3729.169 Safari/537.36',
  'x-requested-with' => 'XMLHttpRequest',
  'origin' => 'http://tp.test',
  'accept' => '*/*',
  'cache-control' => 'no-cache',
  'pragma' => 'no-cache',
  'content-length' => '44',
  'connection' => 'close',
  'host' => 'tp.test',
)
[ info ] [ PARAM ] array (
  'user_login' => 'admins',
  'user_pass' => 'admin',
  'code' => 'admin',
)
[ info ] [ RUN ] admin\user\controller\Login->doLogin[ E:\phpstudy_pro\WWW\tpframe\admin\user\controller\Login.php ]
[ info ] [ SESSION ] INIT array (
  'id' => '',
  'var_session_id' => '',
  'prefix' => 'think',
  'type' => '',
  'auto_start' => true,
)
[ info ] [ DB ] INIT mysql
[ info ] [ LOG ] INIT File
[ sql ] [ DB ] CONNECT:[ UseTime:0.020001s ] mysql:host=127.0.0.1;dbname=tpbase;charset=utf8
[ sql ] [ SQL ] SHOW COLUMNS FROM `tp_admin` [ RunTime:0.004000s ]
[ sql ] [ SQL ] SELECT * FROM `tp_admin` WHERE  `user_login` = 'admins' LIMIT 1 [ RunTime:0.001000s ]
---------------------------------------------------------------
[ 2019-12-19T16:43:20+08:00 ] 127.0.0.1 POST tp.test/admin/user/login/dologin
[运行时间：0.069004s] [吞吐率：14.49req/s] [内存消耗：2,614.49kb] [文件加载：49]
[ info ] [ LANG ] E:\phpstudy_pro\WWW\tpframe\thinkphp\lang\zh-cn.php
[ info ] [ ROUTE ] array (
  'type' => 'module',
  'module' => 
  array (
    0 => 'user',
    1 => 'login',
    2 => 'dologin',
  ),
)
[ info ] [ HEADER ] array (
  'cookie' => 'pgv_pvi=624094208; PHPSESSID=0nlnundor6e14grsqe5pj0ni05',
  'accept-language' => 'zh-CN,zh;q=0.9,ja;q=0.8,en;q=0.7',
  'accept-encoding' => 'gzip, deflate',
  'referer' => 'http://tp.test/admin/user/login/login',
  'content-type' => 'application/x-www-form-urlencoded; charset=UTF-8',
  'user-agent' => 'Mozilla/5.0 (Windows NT 6.1; Win64; x64) AppleWebKit/537.36 (KHTML, like Gecko) Chrome/74.0.3729.169 Safari/537.36',
  'x-requested-with' => 'XMLHttpRequest',
  'origin' => 'http://tp.test',
  'accept' => '*/*',
  'cache-control' => 'no-cache',
  'pragma' => 'no-cache',
  'content-length' => '43',
  'connection' => 'close',
  'host' => 'tp.test',
)
[ info ] [ PARAM ] array (
  'user_login' => 'admin',
  'user_pass' => 'admin',
  'code' => 'admin',
)
[ info ] [ RUN ] admin\user\controller\Login->doLogin[ E:\phpstudy_pro\WWW\tpframe\admin\user\controller\Login.php ]
[ info ] [ SESSION ] INIT array (
  'id' => '',
  'var_session_id' => '',
  'prefix' => 'think',
  'type' => '',
  'auto_start' => true,
)
[ info ] [ DB ] INIT mysql
[ info ] [ LOG ] INIT File
[ sql ] [ DB ] CONNECT:[ UseTime:0.002000s ] mysql:host=127.0.0.1;dbname=tpbase;charset=utf8
[ sql ] [ SQL ] SHOW COLUMNS FROM `tp_admin` [ RunTime:0.004001s ]
[ sql ] [ SQL ] SELECT * FROM `tp_admin` WHERE  `user_login` = 'admin' LIMIT 1 [ RunTime:0.001000s ]
---------------------------------------------------------------
[ 2019-12-19T16:44:10+08:00 ] 127.0.0.1 POST tp.test/admin/user/login/dologin
[运行时间：0.073004s] [吞吐率：13.70req/s] [内存消耗：2,614.89kb] [文件加载：49]
[ info ] [ LANG ] E:\phpstudy_pro\WWW\tpframe\thinkphp\lang\zh-cn.php
[ info ] [ ROUTE ] array (
  'type' => 'module',
  'module' => 
  array (
    0 => 'user',
    1 => 'login',
    2 => 'dologin',
  ),
)
[ info ] [ HEADER ] array (
  'cookie' => 'pgv_pvi=624094208; PHPSESSID=0nlnundor6e14grsqe5pj0ni05',
  'accept-language' => 'zh-CN,zh;q=0.9,ja;q=0.8,en;q=0.7',
  'accept-encoding' => 'gzip, deflate',
  'referer' => 'http://tp.test/admin/user/login/login',
  'content-type' => 'application/x-www-form-urlencoded; charset=UTF-8',
  'user-agent' => 'Mozilla/5.0 (Windows NT 6.1; Win64; x64) AppleWebKit/537.36 (KHTML, like Gecko) Chrome/74.0.3729.169 Safari/537.36',
  'x-requested-with' => 'XMLHttpRequest',
  'origin' => 'http://tp.test',
  'accept' => '*/*',
  'cache-control' => 'no-cache',
  'pragma' => 'no-cache',
  'content-length' => '43',
  'connection' => 'close',
  'host' => 'tp.test',
)
[ info ] [ PARAM ] array (
  'user_login' => 'admin',
  'user_pass' => 'admin',
  'code' => 'admin',
)
[ info ] [ RUN ] admin\user\controller\Login->doLogin[ E:\phpstudy_pro\WWW\tpframe\admin\user\controller\Login.php ]
[ info ] [ SESSION ] INIT array (
  'id' => '',
  'var_session_id' => '',
  'prefix' => 'think',
  'type' => '',
  'auto_start' => true,
)
[ info ] [ DB ] INIT mysql
[ info ] [ LOG ] INIT File
[ sql ] [ DB ] CONNECT:[ UseTime:0.005000s ] mysql:host=127.0.0.1;dbname=tpbase;charset=utf8
[ sql ] [ SQL ] SHOW COLUMNS FROM `tp_admin` [ RunTime:0.004000s ]
[ sql ] [ SQL ] SELECT * FROM `tp_admin` WHERE  `user_login` = 'admin' LIMIT 1 [ RunTime:0.001000s ]
---------------------------------------------------------------
[ 2019-12-19T16:53:44+08:00 ] 127.0.0.1 GET tp.test/admin/user/login/login
[运行时间：0.038002s] [吞吐率：26.31req/s] [内存消耗：1,595.68kb] [文件加载：40]
[ info ] [ LANG ] E:\phpstudy_pro\WWW\tpframe\thinkphp\lang\zh-cn.php
[ info ] [ ROUTE ] array (
  'type' => 'module',
  'module' => 
  array (
    0 => 'user',
    1 => 'login',
    2 => 'login',
  ),
)
[ info ] [ HEADER ] array (
  'cookie' => 'pgv_pvi=624094208; PHPSESSID=0nlnundor6e14grsqe5pj0ni05',
  'accept-language' => 'zh-CN,zh;q=0.9,ja;q=0.8,en;q=0.7',
  'accept-encoding' => 'gzip, deflate',
  'accept' => 'text/html,application/xhtml+xml,application/xml;q=0.9,image/webp,image/apng,*/*;q=0.8,application/signed-exchange;v=b3',
  'user-agent' => 'Mozilla/5.0 (Windows NT 6.1; Win64; x64) AppleWebKit/537.36 (KHTML, like Gecko) Chrome/74.0.3729.169 Safari/537.36',
  'upgrade-insecure-requests' => '1',
  'cache-control' => 'no-cache',
  'pragma' => 'no-cache',
  'connection' => 'close',
  'host' => 'tp.test',
)
[ info ] [ PARAM ] array (
)
[ info ] [ RUN ] admin\user\controller\Login->login[ E:\phpstudy_pro\WWW\tpframe\admin\user\controller\Login.php ]
[ info ] [ VIEW ] E:\phpstudy_pro\WWW\tpframe\admin/user\view\\login.html [ array (
) ]
[ info ] [ LOG ] INIT File
---------------------------------------------------------------
[ 2019-12-19T16:53:44+08:00 ] 127.0.0.1 GET tp.test/admin/user/login/captchaimg
[运行时间：0.038002s] [吞吐率：26.31req/s] [内存消耗：1,594.27kb] [文件加载：39]
[ info ] [ LANG ] E:\phpstudy_pro\WWW\tpframe\thinkphp\lang\zh-cn.php
[ info ] [ ROUTE ] array (
  'type' => 'module',
  'module' => 
  array (
    0 => 'user',
    1 => 'login',
    2 => 'captchaimg',
  ),
)
[ info ] [ HEADER ] array (
  'cookie' => 'pgv_pvi=624094208; PHPSESSID=0nlnundor6e14grsqe5pj0ni05',
  'accept-language' => 'zh-CN,zh;q=0.9,ja;q=0.8,en;q=0.7',
  'accept-encoding' => 'gzip, deflate',
  'referer' => 'http://tp.test/admin/user/login/login',
  'accept' => 'image/webp,image/apng,image/*,*/*;q=0.8',
  'user-agent' => 'Mozilla/5.0 (Windows NT 6.1; Win64; x64) AppleWebKit/537.36 (KHTML, like Gecko) Chrome/74.0.3729.169 Safari/537.36',
  'cache-control' => 'no-cache',
  'pragma' => 'no-cache',
  'connection' => 'close',
  'host' => 'tp.test',
)
[ info ] [ PARAM ] array (
)
[ info ] [ RUN ] admin\user\controller\Login->captchaImg[ E:\phpstudy_pro\WWW\tpframe\admin\user\controller\Login.php ]
[ info ] [ SESSION ] INIT array (
  'id' => '',
  'var_session_id' => '',
  'prefix' => 'think',
  'type' => '',
  'auto_start' => true,
)
[ info ] [ LOG ] INIT File
---------------------------------------------------------------
[ 2019-12-19T16:55:27+08:00 ] 127.0.0.1 GET tp.test/admin/user/login/login
[运行时间：0.038002s] [吞吐率：26.31req/s] [内存消耗：1,411.25kb] [文件加载：36]
[ info ] [ LANG ] E:\phpstudy_pro\WWW\tpframe\thinkphp\lang\zh-cn.php
[ info ] [ ROUTE ] array (
  'type' => 'module',
  'module' => 
  array (
    0 => 'user',
    1 => 'login',
    2 => 'login',
  ),
)
[ info ] [ HEADER ] array (
  'cookie' => 'pgv_pvi=624094208; PHPSESSID=0nlnundor6e14grsqe5pj0ni05',
  'accept-language' => 'zh-CN,zh;q=0.9,ja;q=0.8,en;q=0.7',
  'accept-encoding' => 'gzip, deflate',
  'accept' => 'text/html,application/xhtml+xml,application/xml;q=0.9,image/webp,image/apng,*/*;q=0.8,application/signed-exchange;v=b3',
  'user-agent' => 'Mozilla/5.0 (Windows NT 6.1; Win64; x64) AppleWebKit/537.36 (KHTML, like Gecko) Chrome/74.0.3729.169 Safari/537.36',
  'upgrade-insecure-requests' => '1',
  'cache-control' => 'no-cache',
  'pragma' => 'no-cache',
  'connection' => 'close',
  'host' => 'tp.test',
)
[ info ] [ PARAM ] array (
)
[ info ] [ RUN ] admin\user\controller\Login->login[ E:\phpstudy_pro\WWW\tpframe\admin\user\controller\Login.php ]
[ info ] [ LOG ] INIT File
---------------------------------------------------------------
[ 2019-12-19T16:55:45+08:00 ] 127.0.0.1 GET tp.test/admin/user/login/login
[运行时间：0.042002s] [吞吐率：23.81req/s] [内存消耗：1,594.91kb] [文件加载：40]
[ info ] [ LANG ] E:\phpstudy_pro\WWW\tpframe\thinkphp\lang\zh-cn.php
[ info ] [ ROUTE ] array (
  'type' => 'module',
  'module' => 
  array (
    0 => 'user',
    1 => 'login',
    2 => 'login',
  ),
)
[ info ] [ HEADER ] array (
  'cookie' => 'pgv_pvi=624094208; PHPSESSID=0nlnundor6e14grsqe5pj0ni05',
  'accept-language' => 'zh-CN,zh;q=0.9,ja;q=0.8,en;q=0.7',
  'accept-encoding' => 'gzip, deflate',
  'accept' => 'text/html,application/xhtml+xml,application/xml;q=0.9,image/webp,image/apng,*/*;q=0.8,application/signed-exchange;v=b3',
  'user-agent' => 'Mozilla/5.0 (Windows NT 6.1; Win64; x64) AppleWebKit/537.36 (KHTML, like Gecko) Chrome/74.0.3729.169 Safari/537.36',
  'upgrade-insecure-requests' => '1',
  'cache-control' => 'no-cache',
  'pragma' => 'no-cache',
  'connection' => 'close',
  'host' => 'tp.test',
)
[ info ] [ PARAM ] array (
)
[ info ] [ RUN ] admin\user\controller\Login->login[ E:\phpstudy_pro\WWW\tpframe\admin\user\controller\Login.php ]
[ info ] [ VIEW ] E:\phpstudy_pro\WWW\tpframe\admin/user\view\\login.html [ array (
) ]
[ info ] [ LOG ] INIT File
---------------------------------------------------------------
[ 2019-12-19T16:55:45+08:00 ] 127.0.0.1 GET tp.test/admin/user/login/captchaimg
[运行时间：0.055003s] [吞吐率：18.18req/s] [内存消耗：1,593.50kb] [文件加载：39]
[ info ] [ LANG ] E:\phpstudy_pro\WWW\tpframe\thinkphp\lang\zh-cn.php
[ info ] [ ROUTE ] array (
  'type' => 'module',
  'module' => 
  array (
    0 => 'user',
    1 => 'login',
    2 => 'captchaimg',
  ),
)
[ info ] [ HEADER ] array (
  'cookie' => 'pgv_pvi=624094208; PHPSESSID=0nlnundor6e14grsqe5pj0ni05',
  'accept-language' => 'zh-CN,zh;q=0.9,ja;q=0.8,en;q=0.7',
  'accept-encoding' => 'gzip, deflate',
  'referer' => 'http://tp.test/admin/user/login/login',
  'accept' => 'image/webp,image/apng,image/*,*/*;q=0.8',
  'user-agent' => 'Mozilla/5.0 (Windows NT 6.1; Win64; x64) AppleWebKit/537.36 (KHTML, like Gecko) Chrome/74.0.3729.169 Safari/537.36',
  'cache-control' => 'no-cache',
  'pragma' => 'no-cache',
  'connection' => 'close',
  'host' => 'tp.test',
)
[ info ] [ PARAM ] array (
)
[ info ] [ RUN ] admin\user\controller\Login->captchaImg[ E:\phpstudy_pro\WWW\tpframe\admin\user\controller\Login.php ]
[ info ] [ SESSION ] INIT array (
  'id' => '',
  'var_session_id' => '',
  'prefix' => 'think',
  'type' => '',
  'auto_start' => true,
)
[ info ] [ LOG ] INIT File
---------------------------------------------------------------
[ 2019-12-19T16:55:52+08:00 ] 127.0.0.1 POST tp.test/admin/user/login/dologin
[运行时间：0.037002s] [吞吐率：27.03req/s] [内存消耗：1,411.51kb] [文件加载：36]
[ info ] [ LANG ] E:\phpstudy_pro\WWW\tpframe\thinkphp\lang\zh-cn.php
[ info ] [ ROUTE ] array (
  'type' => 'module',
  'module' => 
  array (
    0 => 'user',
    1 => 'login',
    2 => 'dologin',
  ),
)
[ info ] [ HEADER ] array (
  'cookie' => 'pgv_pvi=624094208; PHPSESSID=0nlnundor6e14grsqe5pj0ni05',
  'accept-language' => 'zh-CN,zh;q=0.9,ja;q=0.8,en;q=0.7',
  'accept-encoding' => 'gzip, deflate',
  'referer' => 'http://tp.test/admin/user/login/login',
  'content-type' => 'application/x-www-form-urlencoded; charset=UTF-8',
  'user-agent' => 'Mozilla/5.0 (Windows NT 6.1; Win64; x64) AppleWebKit/537.36 (KHTML, like Gecko) Chrome/74.0.3729.169 Safari/537.36',
  'x-requested-with' => 'XMLHttpRequest',
  'origin' => 'http://tp.test',
  'accept' => '*/*',
  'cache-control' => 'no-cache',
  'pragma' => 'no-cache',
  'content-length' => '35',
  'connection' => 'close',
  'host' => 'tp.test',
)
[ info ] [ PARAM ] array (
  'user_login' => 'faffa',
  'user_pass' => 'f',
  'code' => 'f',
)
[ info ] [ RUN ] admin\user\controller\Login->doLogin[ E:\phpstudy_pro\WWW\tpframe\admin\user\controller\Login.php ]
[ info ] [ LOG ] INIT File
---------------------------------------------------------------
[ 2019-12-19T16:56:05+08:00 ] 127.0.0.1 GET tp.test/admin/user/login/login
[运行时间：0.079004s] [吞吐率：12.66req/s] [内存消耗：1,583.02kb] [文件加载：41]
[ info ] [ LANG ] E:\phpstudy_pro\WWW\tpframe\thinkphp\lang\zh-cn.php
[ info ] [ ROUTE ] array (
  'type' => 'module',
  'module' => 
  array (
    0 => 'user',
    1 => 'login',
    2 => 'login',
  ),
)
[ info ] [ HEADER ] array (
  'cookie' => 'pgv_pvi=624094208; PHPSESSID=0nlnundor6e14grsqe5pj0ni05',
  'accept-language' => 'zh-CN,zh;q=0.9,ja;q=0.8,en;q=0.7',
  'accept-encoding' => 'gzip, deflate',
  'accept' => 'text/html,application/xhtml+xml,application/xml;q=0.9,image/webp,image/apng,*/*;q=0.8,application/signed-exchange;v=b3',
  'user-agent' => 'Mozilla/5.0 (Windows NT 6.1; Win64; x64) AppleWebKit/537.36 (KHTML, like Gecko) Chrome/74.0.3729.169 Safari/537.36',
  'upgrade-insecure-requests' => '1',
  'cache-control' => 'no-cache',
  'pragma' => 'no-cache',
  'connection' => 'close',
  'host' => 'tp.test',
)
[ info ] [ PARAM ] array (
)
[ info ] [ RUN ] admin\user\controller\Login->login[ E:\phpstudy_pro\WWW\tpframe\admin\user\controller\Login.php ]
[ info ] [ LOG ] INIT File
[ error ] [0]致命错误: Call to undefined method admin\user\controller\Login::request()[E:\phpstudy_pro\WWW\tpframe\admin\user\controller\Login.php:14]
---------------------------------------------------------------
[ 2019-12-19T16:56:18+08:00 ] 127.0.0.1 GET tp.test/admin/user/login/login
[运行时间：0.066004s] [吞吐率：15.15req/s] [内存消耗：1,584.83kb] [文件加载：42]
[ info ] [ LANG ] E:\phpstudy_pro\WWW\tpframe\thinkphp\lang\zh-cn.php
[ info ] [ ROUTE ] array (
  'type' => 'module',
  'module' => 
  array (
    0 => 'user',
    1 => 'login',
    2 => 'login',
  ),
)
[ info ] [ HEADER ] array (
  'cookie' => 'pgv_pvi=624094208; PHPSESSID=0nlnundor6e14grsqe5pj0ni05',
  'accept-language' => 'zh-CN,zh;q=0.9,ja;q=0.8,en;q=0.7',
  'accept-encoding' => 'gzip, deflate',
  'accept' => 'text/html,application/xhtml+xml,application/xml;q=0.9,image/webp,image/apng,*/*;q=0.8,application/signed-exchange;v=b3',
  'user-agent' => 'Mozilla/5.0 (Windows NT 6.1; Win64; x64) AppleWebKit/537.36 (KHTML, like Gecko) Chrome/74.0.3729.169 Safari/537.36',
  'upgrade-insecure-requests' => '1',
  'cache-control' => 'no-cache',
  'pragma' => 'no-cache',
  'connection' => 'close',
  'host' => 'tp.test',
)
[ info ] [ PARAM ] array (
)
[ info ] [ RUN ] admin\user\controller\Login->login[ E:\phpstudy_pro\WWW\tpframe\admin\user\controller\Login.php ]
[ info ] [ LOG ] INIT File
[ error ] [8]未定义变量: request[E:\phpstudy_pro\WWW\tpframe\admin\user\controller\Login.php:14]
---------------------------------------------------------------
[ 2019-12-19T16:57:23+08:00 ] 127.0.0.1 GET tp.test/admin/user/login/login
[运行时间：0.038002s] [吞吐率：26.31req/s] [内存消耗：1,597.50kb] [文件加载：40]
[ info ] [ LANG ] E:\phpstudy_pro\WWW\tpframe\thinkphp\lang\zh-cn.php
[ info ] [ ROUTE ] array (
  'type' => 'module',
  'module' => 
  array (
    0 => 'user',
    1 => 'login',
    2 => 'login',
  ),
)
[ info ] [ HEADER ] array (
  'cookie' => 'pgv_pvi=624094208; PHPSESSID=0nlnundor6e14grsqe5pj0ni05',
  'accept-language' => 'zh-CN,zh;q=0.9,ja;q=0.8,en;q=0.7',
  'accept-encoding' => 'gzip, deflate',
  'accept' => 'text/html,application/xhtml+xml,application/xml;q=0.9,image/webp,image/apng,*/*;q=0.8,application/signed-exchange;v=b3',
  'user-agent' => 'Mozilla/5.0 (Windows NT 6.1; Win64; x64) AppleWebKit/537.36 (KHTML, like Gecko) Chrome/74.0.3729.169 Safari/537.36',
  'upgrade-insecure-requests' => '1',
  'cache-control' => 'no-cache',
  'pragma' => 'no-cache',
  'connection' => 'close',
  'host' => 'tp.test',
)
[ info ] [ PARAM ] array (
)
[ info ] [ RUN ] admin\user\controller\Login->login[ E:\phpstudy_pro\WWW\tpframe\admin\user\controller\Login.php ]
[ info ] [ VIEW ] E:\phpstudy_pro\WWW\tpframe\admin/user\view\\login.html [ array (
) ]
[ info ] [ LOG ] INIT File
---------------------------------------------------------------
[ 2019-12-19T16:57:23+08:00 ] 127.0.0.1 GET tp.test/admin/user/login/captchaimg
[运行时间：0.046003s] [吞吐率：21.74req/s] [内存消耗：1,596.09kb] [文件加载：39]
[ info ] [ LANG ] E:\phpstudy_pro\WWW\tpframe\thinkphp\lang\zh-cn.php
[ info ] [ ROUTE ] array (
  'type' => 'module',
  'module' => 
  array (
    0 => 'user',
    1 => 'login',
    2 => 'captchaimg',
  ),
)
[ info ] [ HEADER ] array (
  'cookie' => 'pgv_pvi=624094208; PHPSESSID=0nlnundor6e14grsqe5pj0ni05',
  'accept-language' => 'zh-CN,zh;q=0.9,ja;q=0.8,en;q=0.7',
  'accept-encoding' => 'gzip, deflate',
  'referer' => 'http://tp.test/admin/user/login/login',
  'accept' => 'image/webp,image/apng,image/*,*/*;q=0.8',
  'user-agent' => 'Mozilla/5.0 (Windows NT 6.1; Win64; x64) AppleWebKit/537.36 (KHTML, like Gecko) Chrome/74.0.3729.169 Safari/537.36',
  'cache-control' => 'no-cache',
  'pragma' => 'no-cache',
  'connection' => 'close',
  'host' => 'tp.test',
)
[ info ] [ PARAM ] array (
)
[ info ] [ RUN ] admin\user\controller\Login->captchaImg[ E:\phpstudy_pro\WWW\tpframe\admin\user\controller\Login.php ]
[ info ] [ SESSION ] INIT array (
  'id' => '',
  'var_session_id' => '',
  'prefix' => 'think',
  'type' => '',
  'auto_start' => true,
)
[ info ] [ LOG ] INIT File
